2007.02.18 10:26 B C:\camaga\webfiles\Aradhana_2007_Pictures\camaga1.jpg --> ipnatlanta.net / camaga1.jpg
2007.02.18 10:27 B C:\camaga\webfiles\Aradhana_2007_Pictures\camaga10.jpg --> ipnatlanta.net / camaga10.jpg
2007.02.18 10:28 B C:\camaga\webfiles\Aradhana_2007_Pictures\camaga11.jpg --> ipnatlanta.net / camaga11.jpg
2007.02.18 10:28 B C:\camaga\webfiles\Aradhana_2007_Pictures\camaga2.jpg --> ipnatlanta.net / camaga2.jpg
2007.02.18 10:28 B C:\camaga\webfiles\Aradhana_2007_Pictures\camaga3.jpg --> ipnatlanta.net / camaga3.jpg
2007.02.18 10:28 B C:\camaga\webfiles\Aradhana_2007_Pictures\camaga4.jpg --> ipnatlanta.net / camaga4.jpg
2007.02.18 10:28 B C:\camaga\webfiles\Aradhana_2007_Pictures\camaga5.jpg --> ipnatlanta.net / camaga5.jpg
2007.02.18 10:29 B C:\camaga\webfiles\Aradhana_2007_Pictures\camaga6.jpg --> ipnatlanta.net / camaga6.jpg
2007.02.18 10:29 B C:\camaga\webfiles\Aradhana_2007_Pictures\camaga7.jpg --> ipnatlanta.net / camaga7.jpg
2007.02.18 10:29 B C:\camaga\webfiles\Aradhana_2007_Pictures\camaga8.jpg --> ipnatlanta.net / camaga8.jpg
2007.02.18 10:29 B C:\camaga\webfiles\Aradhana_2007_Pictures\camaga9.jpg --> ipnatlanta.net / camaga9.jpg
2007.02.18 11:01 B c:\camaga\webfiles\Aradhana_2007_Pictures\camaga1.jpg --> ipnatlanta.net / camaga1.jpg
2007.02.18 11:01 B c:\camaga\webfiles\Aradhana_2007_Pictures\camaga2.jpg --> ipnatlanta.net / camaga2.jpg
2007.02.18 11:08 B c:\camaga\webfiles\Aradhana_2007_Pictures\WS_FTP.LOG --> ipnatlanta.net /Aradhana_2007_Pictures WS_FTP.LOG
2007.02.18 11:11 B c:\camaga\webfiles\Aradhana_2007_Pictures\camaga11.jpg --> ipnatlanta.net /Aradhana_2007_Pictures camaga11.jpg
2007.02.18 11:20 B c:\camaga\webfiles\Aradhana_2007_Pictures\camaga1.jpg --> ipnatlanta.net /Aradhana_2007_Pictures camaga1.jpg
2007.02.18 11:20 B c:\camaga\webfiles\Aradhana_2007_Pictures\camaga10.jpg --> ipnatlanta.net /Aradhana_2007_Pictures camaga10.jpg
2007.02.18 11:21 B c:\camaga\webfiles\Aradhana_2007_Pictures\camaga11.jpg --> ipnatlanta.net /Aradhana_2007_Pictures camaga11.jpg
2007.02.18 11:21 B c:\camaga\webfiles\Aradhana_2007_Pictures\camaga2.jpg --> ipnatlanta.net /Aradhana_2007_Pictures camaga2.jpg
2007.02.18 11:21 B c:\camaga\webfiles\Aradhana_2007_Pictures\camaga3.jpg --> ipnatlanta.net /Aradhana_2007_Pictures camaga3.jpg
2007.02.18 11:21 B c:\camaga\webfiles\Aradhana_2007_Pictures\camaga4.jpg --> ipnatlanta.net /Aradhana_2007_Pictures camaga4.jpg
2007.02.18 11:22 B c:\camaga\webfiles\Aradhana_2007_Pictures\camaga5.jpg --> ipnatlanta.net /Aradhana_2007_Pictures camaga5.jpg
2007.02.18 11:22 B c:\camaga\webfiles\Aradhana_2007_Pictures\camaga6.jpg --> ipnatlanta.net /Aradhana_2007_Pictures camaga6.jpg
2007.02.18 11:22 B c:\camaga\webfiles\Aradhana_2007_Pictures\camaga7.jpg --> ipnatlanta.net /Aradhana_2007_Pictures camaga7.jpg
2007.02.18 11:22 B c:\camaga\webfiles\Aradhana_2007_Pictures\camaga8.jpg --> ipnatlanta.net /Aradhana_2007_Pictures camaga8.jpg
2007.02.18 11:23 B c:\camaga\webfiles\Aradhana_2007_Pictures\camaga9.jpg --> ipnatlanta.net /Aradhana_2007_Pictures camaga9.jpg
2007.02.18 11:24 B c:\camaga\webfiles\Aradhana_2007_Pictures\IMG_1318.JPG --> ipnatlanta.net /Aradhana_2007_Pictures IMG_1318.JPG
2007.02.18 11:25 B c:\camaga\webfiles\Aradhana_2007_Pictures\IMG_1319.JPG --> ipnatlanta.net /Aradhana_2007_Pictures IMG_1319.JPG
2007.02.18 11:26 B c:\camaga\webfiles\Aradhana_2007_Pictures\IMG_1320.JPG --> ipnatlanta.net /Aradhana_2007_Pictures IMG_1320.JPG
2007.02.18 11:26 B c:\camaga\webfiles\Aradhana_2007_Pictures\IMG_1321.JPG --> ipnatlanta.net /Aradhana_2007_Pictures IMG_1321.JPG
2007.02.18 11:28 B c:\camaga\webfiles\Aradhana_2007_Pictures\IMG_1322.JPG --> ipnatlanta.net /Aradhana_2007_Pictures IMG_1322.JPG
2007.02.18 11:29 B c:\camaga\webfiles\Aradhana_2007_Pictures\IMG_1323.JPG --> ipnatlanta.net /Aradhana_2007_Pictures IMG_1323.JPG
2007.02.18 11:29 B c:\camaga\webfiles\Aradhana_2007_Pictures\IMG_1324.JPG --> ipnatlanta.net /Aradhana_2007_Pictures IMG_1324.JPG
2007.02.18 11:29 B c:\camaga\webfiles\Aradhana_2007_Pictures\camaga1.jpg --> ipnatlanta.net /Aradhana_2007_Pictures camaga1.jpg
2007.02.18 11:30 B c:\camaga\webfiles\Aradhana_2007_Pictures\camaga10.jpg --> ipnatlanta.net /Aradhana_2007_Pictures camaga10.jpg
2007.02.18 11:31 B c:\camaga\webfiles\Aradhana_2007_Pictures\camaga11.jpg --> ipnatlanta.net /Aradhana_2007_Pictures camaga11.jpg
2007.02.18 11:31 B c:\camaga\webfiles\Aradhana_2007_Pictures\camaga2.jpg --> ipnatlanta.net /Aradhana_2007_Pictures camaga2.jpg
2007.02.18 11:31 B c:\camaga\webfiles\Aradhana_2007_Pictures\camaga3.jpg --> ipnatlanta.net /Aradhana_2007_Pictures camaga3.jpg
2007.02.18 11:31 B c:\camaga\webfiles\Aradhana_2007_Pictures\camaga4.jpg --> ipnatlanta.net /Aradhana_2007_Pictures camaga4.jpg
2007.02.18 11:31 B c:\camaga\webfiles\Aradhana_2007_Pictures\camaga5.jpg --> ipnatlanta.net /Aradhana_2007_Pictures camaga5.jpg
2007.02.18 11:32 B c:\camaga\webfiles\Aradhana_2007_Pictures\camaga6.jpg --> ipnatlanta.net /Aradhana_2007_Pictures camaga6.jpg
2007.02.18 11:32 B c:\camaga\webfiles\Aradhana_2007_Pictures\camaga7.jpg --> ipnatlanta.net /Aradhana_2007_Pictures camaga7.jpg
2007.02.18 11:32 B c:\camaga\webfiles\Aradhana_2007_Pictures\camaga8.jpg --> ipnatlanta.net /Aradhana_2007_Pictures camaga8.jpg
2007.02.18 11:32 B c:\camaga\webfiles\Aradhana_2007_Pictures\camaga9.jpg --> ipnatlanta.net /Aradhana_2007_Pictures camaga9.jpg
2007.03.07 08:42 B c:\camaga\webfiles\Aradhana_2007_Pictures\camaga1.jpg --> ipnatlanta.net /Aradhana_2007_Pictures camaga1.jpg
2007.03.07 08:42 B c:\camaga\webfiles\Aradhana_2007_Pictures\camaga10.jpg --> ipnatlanta.net /Aradhana_2007_Pictures camaga10.jpg
2007.03.07 08:43 B c:\camaga\webfiles\Aradhana_2007_Pictures\camaga11.jpg --> ipnatlanta.net /Aradhana_2007_Pictures camaga11.jpg
2007.03.07 08:43 B c:\camaga\webfiles\Aradhana_2007_Pictures\camaga3.jpg --> ipnatlanta.net /Aradhana_2007_Pictures camaga3.jpg
2007.03.07 08:43 B c:\camaga\webfiles\Aradhana_2007_Pictures\camaga4.jpg --> ipnatlanta.net /Aradhana_2007_Pictures camaga4.jpg
2007.03.07 08:43 B c:\camaga\webfiles\Aradhana_2007_Pictures\camaga5.jpg --> ipnatlanta.net /Aradhana_2007_Pictures camaga5.jpg
2007.03.07 08:44 B c:\camaga\webfiles\Aradhana_2007_Pictures\camaga6.jpg --> ipnatlanta.net /Aradhana_2007_Pictures camaga6.jpg
2007.03.07 08:44 B c:\camaga\webfiles\Aradhana_2007_Pictures\camaga7.jpg --> ipnatlanta.net /Aradhana_2007_Pictures camaga7.jpg
2007.03.07 08:44 B c:\camaga\webfiles\Aradhana_2007_Pictures\camaga8.jpg --> ipnatlanta.net /Aradhana_2007_Pictures camaga8.jpg
2007.03.07 08:44 B c:\camaga\webfiles\Aradhana_2007_Pictures\camaga9.jpg --> ipnatlanta.net /Aradhana_2007_Pictures camaga9.jpg
2007.03.07 08:45 B c:\camaga\webfiles\Aradhana_2007_Pictures\DSCF0325 (2).JPG --> ipnatlanta.net /Aradhana_2007_Pictures DSCF0325 (2).JPG
2007.03.07 08:45 B c:\camaga\webfiles\Aradhana_2007_Pictures\DSCF0328 (2).JPG --> ipnatlanta.net /Aradhana_2007_Pictures DSCF0328 (2).JPG
2007.03.07 08:45 B c:\camaga\webfiles\Aradhana_2007_Pictures\DSCF0329 (2).JPG --> ipnatlanta.net /Aradhana_2007_Pictures DSCF0329 (2).JPG
2007.03.07 08:46 B c:\camaga\webfiles\Aradhana_2007_Pictures\IMG_1318.JPG --> ipnatlanta.net /Aradhana_2007_Pictures IMG_1318.JPG
2007.03.07 08:47 B c:\camaga\webfiles\Aradhana_2007_Pictures\IMG_1319.JPG --> ipnatlanta.net /Aradhana_2007_Pictures IMG_1319.JPG
2007.03.07 08:49 B c:\camaga\webfiles\Aradhana_2007_Pictures\IMG_1320.JPG --> ipnatlanta.net /Aradhana_2007_Pictures IMG_1320.JPG
2007.03.07 08:49 B c:\camaga\webfiles\Aradhana_2007_Pictures\IMG_1321.JPG --> ipnatlanta.net /Aradhana_2007_Pictures IMG_1321.JPG
2007.03.07 08:50 B c:\camaga\webfiles\Aradhana_2007_Pictures\IMG_1322.JPG --> ipnatlanta.net /Aradhana_2007_Pictures IMG_1322.JPG
2007.03.07 08:51 B c:\camaga\webfiles\Aradhana_2007_Pictures\IMG_1323.JPG --> ipnatlanta.net /Aradhana_2007_Pictures IMG_1323.JPG
2007.03.07 08:52 B c:\camaga\webfiles\Aradhana_2007_Pictures\IMG_1324.JPG --> ipnatlanta.net /Aradhana_2007_Pictures IMG_1324.JPG
2007.03.07 08:53 B c:\camaga\webfiles\Aradhana_2007_Pictures\IMG_1325.JPG --> ipnatlanta.net /Aradhana_2007_Pictures IMG_1325.JPG
2007.03.07 08:54 B c:\camaga\webfiles\Aradhana_2007_Pictures\IMG_1326.JPG --> ipnatlanta.net /Aradhana_2007_Pictures IMG_1326.JPG
2007.03.07 08:55 B c:\camaga\webfiles\Aradhana_2007_Pictures\IMG_1327.JPG --> ipnatlanta.net /Aradhana_2007_Pictures IMG_1327.JPG
2007.03.07 08:56 B c:\camaga\webfiles\Aradhana_2007_Pictures\IMG_1328.JPG --> ipnatlanta.net /Aradhana_2007_Pictures IMG_1328.JPG
2007.03.07 08:58 B c:\camaga\webfiles\Aradhana_2007_Pictures\IMG_1329.JPG --> ipnatlanta.net /Aradhana_2007_Pictures IMG_1329.JPG
2007.03.07 08:59 B c:\camaga\webfiles\Aradhana_2007_Pictures\IMG_1330.JPG --> ipnatlanta.net /Aradhana_2007_Pictures IMG_1330.JPG
2007.03.07 09:00 B c:\camaga\webfiles\Aradhana_2007_Pictures\IMG_1331.JPG --> ipnatlanta.net /Aradhana_2007_Pictures IMG_1331.JPG
2007.03.07 09:01 B c:\camaga\webfiles\Aradhana_2007_Pictures\IMG_1332.JPG --> ipnatlanta.net /Aradhana_2007_Pictures IMG_1332.JPG
