2003.02.01 12:20 B D:\My Documents\Data\Web\camaga\aautobull1.gif <-- ipnAtlanta /var/www/html/camaga aautobull1.gif
2003.02.01 12:20 B D:\My Documents\Data\Web\camaga\aautorule.gif <-- ipnAtlanta /var/www/html/camaga aautorule.gif
2003.02.01 12:20 B D:\My Documents\Data\Web\camaga\Aruna Sayeeram.jpg <-- ipnAtlanta /var/www/html/camaga Aruna Sayeeram.jpg
2003.02.01 12:20 B D:\My Documents\Data\Web\camaga\Aruna_Sayeeram.jpg <-- ipnAtlanta /var/www/html/camaga Aruna_Sayeeram.jpg
2003.02.01 12:20 B D:\My Documents\Data\Web\camaga\bg.gif <-- ipnAtlanta /var/www/html/camaga bg.gif
2003.02.01 12:20 B D:\My Documents\Data\Web\camaga\camaga_bylaws_2001.htm <-- ipnAtlanta /var/www/html/camaga camaga_bylaws_2001.htm
2003.02.01 12:20 B D:\My Documents\Data\Web\camaga\camaga_logo.jpg <-- ipnAtlanta /var/www/html/camaga camaga_logo.jpg
2003.02.01 12:20 B D:\My Documents\Data\Web\camaga\Concerts_2001.htm <-- ipnAtlanta /var/www/html/camaga Concerts_2001.htm
2003.02.01 12:20 B D:\My Documents\Data\Web\camaga\Concerts_2002.htm <-- ipnAtlanta /var/www/html/camaga Concerts_2002.htm
2003.02.01 12:20 B D:\My Documents\Data\Web\camaga\contact.htm <-- ipnAtlanta /var/www/html/camaga contact.htm
2003.02.01 12:20 B D:\My Documents\Data\Web\camaga\Dishitar.jpg <-- ipnAtlanta /var/www/html/camaga Dishitar.jpg
2003.02.01 12:20 B D:\My Documents\Data\Web\camaga\filelist.xml <-- ipnAtlanta /var/www/html/camaga filelist.xml
2003.02.01 12:20 B D:\My Documents\Data\Web\camaga\Ganesh_Kumaresh.jpg <-- ipnAtlanta /var/www/html/camaga Ganesh_Kumaresh.jpg
2003.02.01 12:20 B D:\My Documents\Data\Web\camaga\Great_Composers_Day_Announcements_2003.htm <-- ipnAtlanta /var/www/html/camaga Great_Composers_Day_Announcements_2003.htm
2003.02.01 12:20 B D:\My Documents\Data\Web\camaga\home.htm <-- ipnAtlanta /var/www/html/camaga home.htm
2003.02.01 12:20 B D:\My Documents\Data\Web\camaga\home.html <-- ipnAtlanta /var/www/html/camaga home.html
2003.02.01 12:20 B D:\My Documents\Data\Web\camaga\image001.gif <-- ipnAtlanta /var/www/html/camaga image001.gif
2003.02.01 12:20 B D:\My Documents\Data\Web\camaga\image002.gif <-- ipnAtlanta /var/www/html/camaga image002.gif
2003.02.01 12:20 B D:\My Documents\Data\Web\camaga\image003.png <-- ipnAtlanta /var/www/html/camaga image003.png
2003.02.01 12:20 B D:\My Documents\Data\Web\camaga\image004.jpg <-- ipnAtlanta /var/www/html/camaga image004.jpg
2003.02.01 12:20 B D:\My Documents\Data\Web\camaga\image005.png <-- ipnAtlanta /var/www/html/camaga image005.png
2003.02.01 12:20 B D:\My Documents\Data\Web\camaga\image006.jpg <-- ipnAtlanta /var/www/html/camaga image006.jpg
2003.02.01 12:20 B D:\My Documents\Data\Web\camaga\image007.png <-- ipnAtlanta /var/www/html/camaga image007.png
2003.02.01 12:20 B D:\My Documents\Data\Web\camaga\image008.jpg <-- ipnAtlanta /var/www/html/camaga image008.jpg
2003.02.01 12:20 B D:\My Documents\Data\Web\camaga\index.html <-- ipnAtlanta /var/www/html/camaga index.html
2003.02.01 12:20 B D:\My Documents\Data\Web\camaga\logo.gif <-- ipnAtlanta /var/www/html/camaga logo.gif
2003.02.01 12:20 B D:\My Documents\Data\Web\camaga\logo.jpg <-- ipnAtlanta /var/www/html/camaga logo.jpg
2003.02.01 12:20 B D:\My Documents\Data\Web\camaga\mail.gif <-- ipnAtlanta /var/www/html/camaga mail.gif
2003.02.01 12:20 B D:\My Documents\Data\Web\camaga\membership.htm <-- ipnAtlanta /var/www/html/camaga membership.htm
2003.02.01 12:20 B D:\My Documents\Data\Web\camaga\membership_form.htm <-- ipnAtlanta /var/www/html/camaga membership_form.htm
2003.02.01 12:20 B D:\My Documents\Data\Web\camaga\Purandaradasa.gif <-- ipnAtlanta /var/www/html/camaga Purandaradasa.gif
2003.02.01 12:20 B D:\My Documents\Data\Web\camaga\Ravikiran.jpg <-- ipnAtlanta /var/www/html/camaga Ravikiran.jpg
2003.02.01 12:20 B D:\My Documents\Data\Web\camaga\relatedlinks.htm <-- ipnAtlanta /var/www/html/camaga relatedlinks.htm
2003.02.01 12:20 B D:\My Documents\Data\Web\camaga\reviewsandtapes.htm <-- ipnAtlanta /var/www/html/camaga reviewsandtapes.htm
2003.02.01 12:20 B D:\My Documents\Data\Web\camaga\Rudrapatnam_2002_songlist.htm <-- ipnAtlanta /var/www/html/camaga Rudrapatnam_2002_songlist.htm
2003.02.01 12:20 B D:\My Documents\Data\Web\camaga\RV_20000116.htm <-- ipnAtlanta /var/www/html/camaga RV_20000116.htm
2003.02.01 12:20 B D:\My Documents\Data\Web\camaga\RV_970628.htm <-- ipnAtlanta /var/www/html/camaga RV_970628.htm
2003.02.01 12:20 B D:\My Documents\Data\Web\camaga\RV_970830.htm <-- ipnAtlanta /var/www/html/camaga RV_970830.htm
2003.02.01 12:20 B D:\My Documents\Data\Web\camaga\RV_980307.htm <-- ipnAtlanta /var/www/html/camaga RV_980307.htm
2003.02.01 12:20 B D:\My Documents\Data\Web\camaga\RV_980322.htm <-- ipnAtlanta /var/www/html/camaga RV_980322.htm
2003.02.01 12:20 B D:\My Documents\Data\Web\camaga\RV_980328.htm <-- ipnAtlanta /var/www/html/camaga RV_980328.htm
2003.02.01 12:20 B D:\My Documents\Data\Web\camaga\RV_980418.htm <-- ipnAtlanta /var/www/html/camaga RV_980418.htm
2003.02.01 12:20 B D:\My Documents\Data\Web\camaga\RV_980822.htm <-- ipnAtlanta /var/www/html/camaga RV_980822.htm
2003.02.01 12:20 B D:\My Documents\Data\Web\camaga\RV_980906.htm <-- ipnAtlanta /var/www/html/camaga RV_980906.htm
2003.02.01 12:20 B D:\My Documents\Data\Web\camaga\RV_981017.htm <-- ipnAtlanta /var/www/html/camaga RV_981017.htm
2003.02.01 12:20 B D:\My Documents\Data\Web\camaga\RV_990424.htm <-- ipnAtlanta /var/www/html/camaga RV_990424.htm
2003.02.01 12:20 B D:\My Documents\Data\Web\camaga\RV_990926.htm <-- ipnAtlanta /var/www/html/camaga RV_990926.htm
2003.02.01 12:20 B D:\My Documents\Data\Web\camaga\SanjayS_2002_songlist.htm <-- ipnAtlanta /var/www/html/camaga SanjayS_2002_songlist.htm
2003.02.01 12:20 B D:\My Documents\Data\Web\camaga\SanthanmN_2002_songlist.htm <-- ipnAtlanta /var/www/html/camaga SanthanmN_2002_songlist.htm
2003.02.01 12:20 B D:\My Documents\Data\Web\camaga\Seshagopalan_2002_songlist.htm <-- ipnAtlanta /var/www/html/camaga Seshagopalan_2002_songlist.htm
2003.02.01 12:20 B D:\My Documents\Data\Web\camaga\shasahnk_2002_songlist.htm <-- ipnAtlanta /var/www/html/camaga shasahnk_2002_songlist.htm
2003.02.01 12:20 B D:\My Documents\Data\Web\camaga\shashank_2002_songlist.htm <-- ipnAtlanta /var/www/html/camaga shashank_2002_songlist.htm
2003.02.01 12:20 B D:\My Documents\Data\Web\camaga\Shyama_sastri.jpg <-- ipnAtlanta /var/www/html/camaga Shyama_sastri.jpg
2003.02.01 12:20 B D:\My Documents\Data\Web\camaga\Sudha_Raghunathan.jpg <-- ipnAtlanta /var/www/html/camaga Sudha_Raghunathan.jpg
2003.02.01 12:20 B D:\My Documents\Data\Web\camaga\TabContents.htm <-- ipnAtlanta /var/www/html/camaga TabContents.htm
2003.02.01 12:20 B D:\My Documents\Data\Web\camaga\Thyagaraja.jpg <-- ipnAtlanta /var/www/html/camaga Thyagaraja.jpg
2003.02.01 12:20 B D:\My Documents\Data\Web\camaga\tmk1.jpg <-- ipnAtlanta /var/www/html/camaga tmk1.jpg
2003.02.01 12:20 B D:\My Documents\Data\Web\camaga\TMKrishna_2002_bio.htm <-- ipnAtlanta /var/www/html/camaga TMKrishna_2002_bio.htm
2003.02.01 12:21 B D:\My Documents\Data\Web\camaga\TMKrishna_2002_songlist.htm <-- ipnAtlanta /var/www/html/camaga TMKrishna_2002_songlist.htm
2003.02.01 12:21 B D:\My Documents\Data\Web\camaga\TVS_2002_songlist.htm <-- ipnAtlanta /var/www/html/camaga TVS_2002_songlist.htm
2003.02.01 12:21 B D:\My Documents\Data\Web\camaga\upcoming.htm <-- ipnAtlanta /var/www/html/camaga upcoming.htm
2003.02.01 12:21 B D:\My Documents\Data\Web\camaga\Upcoming.htm <-- ipnAtlanta /var/www/html/camaga Upcoming.htm
2003.02.01 12:21 B D:\My Documents\Data\Web\camaga\Vasundhara_2002_songlist.htm <-- ipnAtlanta /var/www/html/camaga Vasundhara_2002_songlist.htm
2003.02.01 12:23 B D:\My Documents\Data\Web\camaga\aautobull1.gif --> www.ipnAtlanta.net /var/www/html/camaga aautobull1.gif
2003.02.01 12:23 B D:\My Documents\Data\Web\camaga\aautobull1.gif --> www.ipnAtlanta.net /var/www/html/camaga aautobull1.gif
2003.02.01 12:23 B D:\My Documents\Data\Web\camaga\aautobull1.gif --> www.ipnAtlanta.net /var/www/html/camaga aautobull1.gif
2003.02.01 12:23 B D:\My Documents\Data\Web\camaga\aautobull1.gif --> www.ipnAtlanta.net /var/www/html/camaga aautobull1.gif
2003.02.01 12:23 B D:\My Documents\Data\Web\camaga\aautobull1.gif --> www.ipnAtlanta.net /var/www/html/camaga aautobull1.gif
2003.02.01 12:23 B D:\My Documents\Data\Web\camaga\aautobull1.gif --> www.ipnAtlanta.net /var/www/html/camaga aautobull1.gif
2003.02.01 12:24 B D:\My Documents\Data\Web\camaga\aautobull1.gif --> www.ipnAtlanta.net /var/www/html/camaga aautobull1.gif
2003.02.01 12:24 B D:\My Documents\Data\Web\camaga\aautorule.gif --> www.ipnAtlanta.net /var/www/html/camaga aautorule.gif
2003.02.01 12:24 B D:\My Documents\Data\Web\camaga\Aruna Sayeeram.jpg --> www.ipnAtlanta.net /var/www/html/camaga Aruna Sayeeram.jpg
2003.02.01 12:24 B D:\My Documents\Data\Web\camaga\Aruna_Sayeeram.jpg --> www.ipnAtlanta.net /var/www/html/camaga Aruna_Sayeeram.jpg
2003.02.01 12:24 B D:\My Documents\Data\Web\camaga\bg.gif --> www.ipnAtlanta.net /var/www/html/camaga bg.gif
2003.02.01 12:24 B D:\My Documents\Data\Web\camaga\camaga_bylaws_2001.htm --> www.ipnAtlanta.net /var/www/html/camaga camaga_bylaws_2001.htm
2003.02.01 12:24 B D:\My Documents\Data\Web\camaga\camaga_logo.jpg --> www.ipnAtlanta.net /var/www/html/camaga camaga_logo.jpg
2003.02.01 12:24 B D:\My Documents\Data\Web\camaga\Concerts_2001.htm --> www.ipnAtlanta.net /var/www/html/camaga Concerts_2001.htm
2003.02.01 12:24 B D:\My Documents\Data\Web\camaga\Concerts_2002.htm --> www.ipnAtlanta.net /var/www/html/camaga Concerts_2002.htm
2003.02.01 12:24 B D:\My Documents\Data\Web\camaga\contact.htm --> www.ipnAtlanta.net /var/www/html/camaga contact.htm
2003.02.01 12:24 B D:\My Documents\Data\Web\camaga\Dishitar.jpg --> www.ipnAtlanta.net /var/www/html/camaga Dishitar.jpg
2003.02.01 12:24 B D:\My Documents\Data\Web\camaga\filelist.xml --> www.ipnAtlanta.net /var/www/html/camaga filelist.xml
2003.02.01 12:24 B D:\My Documents\Data\Web\camaga\Ganesh_Kumaresh.jpg --> www.ipnAtlanta.net /var/www/html/camaga Ganesh_Kumaresh.jpg
2003.02.01 12:24 B D:\My Documents\Data\Web\camaga\Great_Composers_Day_Announcements_2003.htm --> www.ipnAtlanta.net /var/www/html/camaga Great_Composers_Day_Announcements_2003.htm
2003.02.01 12:24 B D:\My Documents\Data\Web\camaga\home.htm --> www.ipnAtlanta.net /var/www/html/camaga home.htm
2003.02.01 12:24 B D:\My Documents\Data\Web\camaga\home.html --> www.ipnAtlanta.net /var/www/html/camaga home.html
2003.02.01 12:24 B D:\My Documents\Data\Web\camaga\image001.gif --> www.ipnAtlanta.net /var/www/html/camaga image001.gif
2003.02.01 12:24 B D:\My Documents\Data\Web\camaga\image002.gif --> www.ipnAtlanta.net /var/www/html/camaga image002.gif
2003.02.01 12:24 B D:\My Documents\Data\Web\camaga\image003.png --> www.ipnAtlanta.net /var/www/html/camaga image003.png
2003.02.01 12:24 B D:\My Documents\Data\Web\camaga\image004.jpg --> www.ipnAtlanta.net /var/www/html/camaga image004.jpg
2003.02.01 12:24 B D:\My Documents\Data\Web\camaga\image005.png --> www.ipnAtlanta.net /var/www/html/camaga image005.png
2003.02.01 12:24 B D:\My Documents\Data\Web\camaga\image006.jpg --> www.ipnAtlanta.net /var/www/html/camaga image006.jpg
2003.02.01 12:24 B D:\My Documents\Data\Web\camaga\image007.png --> www.ipnAtlanta.net /var/www/html/camaga image007.png
2003.02.01 12:24 B D:\My Documents\Data\Web\camaga\image008.jpg --> www.ipnAtlanta.net /var/www/html/camaga image008.jpg
2003.02.01 12:24 B D:\My Documents\Data\Web\camaga\index.html --> www.ipnAtlanta.net /var/www/html/camaga index.html
2003.02.01 12:24 B D:\My Documents\Data\Web\camaga\logo.gif --> www.ipnAtlanta.net /var/www/html/camaga logo.gif
2003.02.01 12:24 B D:\My Documents\Data\Web\camaga\logo.jpg --> www.ipnAtlanta.net /var/www/html/camaga logo.jpg
2003.02.01 12:27 B D:\My Documents\Data\Web\camaga\aautobull1.gif --> www.ipnAtlanta.net /var/www/html/camaga aautobull1.gif
2003.02.01 12:27 B D:\My Documents\Data\Web\camaga\aautorule.gif --> www.ipnAtlanta.net /var/www/html/camaga aautorule.gif
2003.02.01 12:27 B D:\My Documents\Data\Web\camaga\Aruna Sayeeram.jpg --> www.ipnAtlanta.net /var/www/html/camaga Aruna Sayeeram.jpg
2003.02.01 12:27 B D:\My Documents\Data\Web\camaga\Aruna_Sayeeram.jpg --> www.ipnAtlanta.net /var/www/html/camaga Aruna_Sayeeram.jpg
2003.02.01 12:27 B D:\My Documents\Data\Web\camaga\bg.gif --> www.ipnAtlanta.net /var/www/html/camaga bg.gif
2003.02.01 12:27 B D:\My Documents\Data\Web\camaga\camaga_bylaws_2001.htm --> www.ipnAtlanta.net /var/www/html/camaga camaga_bylaws_2001.htm
2003.02.01 12:27 B D:\My Documents\Data\Web\camaga\camaga_logo.jpg --> www.ipnAtlanta.net /var/www/html/camaga camaga_logo.jpg
2003.02.01 12:27 B D:\My Documents\Data\Web\camaga\Concerts_2001.htm --> www.ipnAtlanta.net /var/www/html/camaga Concerts_2001.htm
2003.02.01 12:27 B D:\My Documents\Data\Web\camaga\Concerts_2002.htm --> www.ipnAtlanta.net /var/www/html/camaga Concerts_2002.htm
2003.02.01 12:27 B D:\My Documents\Data\Web\camaga\contact.htm --> www.ipnAtlanta.net /var/www/html/camaga contact.htm
2003.02.01 12:27 B D:\My Documents\Data\Web\camaga\Dishitar.jpg --> www.ipnAtlanta.net /var/www/html/camaga Dishitar.jpg
2003.02.01 12:27 B D:\My Documents\Data\Web\camaga\filelist.xml --> www.ipnAtlanta.net /var/www/html/camaga filelist.xml
2003.02.01 12:27 B D:\My Documents\Data\Web\camaga\Ganesh_Kumaresh.jpg --> www.ipnAtlanta.net /var/www/html/camaga Ganesh_Kumaresh.jpg
2003.02.01 12:27 B D:\My Documents\Data\Web\camaga\Great_Composers_Day_Announcements_2003.htm --> www.ipnAtlanta.net /var/www/html/camaga Great_Composers_Day_Announcements_2003.htm
2003.02.01 12:27 B D:\My Documents\Data\Web\camaga\home.htm --> www.ipnAtlanta.net /var/www/html/camaga home.htm
2003.02.01 12:27 B D:\My Documents\Data\Web\camaga\home.html --> www.ipnAtlanta.net /var/www/html/camaga home.html
2003.02.01 12:27 B D:\My Documents\Data\Web\camaga\image001.gif --> www.ipnAtlanta.net /var/www/html/camaga image001.gif
2003.02.01 12:27 B D:\My Documents\Data\Web\camaga\image002.gif --> www.ipnAtlanta.net /var/www/html/camaga image002.gif
2003.02.01 12:27 B D:\My Documents\Data\Web\camaga\image003.png --> www.ipnAtlanta.net /var/www/html/camaga image003.png
2003.02.01 12:27 B D:\My Documents\Data\Web\camaga\image004.jpg --> www.ipnAtlanta.net /var/www/html/camaga image004.jpg
2003.02.01 12:27 B D:\My Documents\Data\Web\camaga\image005.png --> www.ipnAtlanta.net /var/www/html/camaga image005.png
2003.02.01 12:27 B D:\My Documents\Data\Web\camaga\image006.jpg --> www.ipnAtlanta.net /var/www/html/camaga image006.jpg
2003.02.01 12:27 B D:\My Documents\Data\Web\camaga\image007.png --> www.ipnAtlanta.net /var/www/html/camaga image007.png
2003.02.01 12:27 B D:\My Documents\Data\Web\camaga\image008.jpg --> www.ipnAtlanta.net /var/www/html/camaga image008.jpg
2003.02.01 12:27 B D:\My Documents\Data\Web\camaga\index.html --> www.ipnAtlanta.net /var/www/html/camaga index.html
2003.02.01 12:28 B D:\My Documents\Data\Web\camaga\logo.gif --> www.ipnAtlanta.net /var/www/html/camaga logo.gif
2003.02.01 12:28 B D:\My Documents\Data\Web\camaga\logo.jpg --> www.ipnAtlanta.net /var/www/html/camaga logo.jpg
2003.02.01 12:28 B D:\My Documents\Data\Web\camaga\mail.gif --> www.ipnAtlanta.net /var/www/html/camaga mail.gif
2003.02.01 12:28 B D:\My Documents\Data\Web\camaga\membership.htm --> www.ipnAtlanta.net /var/www/html/camaga membership.htm
2003.02.01 12:28 B D:\My Documents\Data\Web\camaga\membership_form.htm --> www.ipnAtlanta.net /var/www/html/camaga membership_form.htm
2003.02.01 12:28 B D:\My Documents\Data\Web\camaga\Purandaradasa.gif --> www.ipnAtlanta.net /var/www/html/camaga Purandaradasa.gif
2003.02.01 12:28 B D:\My Documents\Data\Web\camaga\Ravikiran.jpg --> www.ipnAtlanta.net /var/www/html/camaga Ravikiran.jpg
2003.02.01 12:28 B D:\My Documents\Data\Web\camaga\relatedlinks.htm --> www.ipnAtlanta.net /var/www/html/camaga relatedlinks.htm
2003.02.01 12:28 B D:\My Documents\Data\Web\camaga\reviewsandtapes.htm --> www.ipnAtlanta.net /var/www/html/camaga reviewsandtapes.htm
2003.02.01 12:28 B D:\My Documents\Data\Web\camaga\Rudrapatnam_2002_songlist.htm --> www.ipnAtlanta.net /var/www/html/camaga Rudrapatnam_2002_songlist.htm
2003.02.01 12:28 B D:\My Documents\Data\Web\camaga\RV_20000116.htm --> www.ipnAtlanta.net /var/www/html/camaga RV_20000116.htm
2003.02.01 12:28 B D:\My Documents\Data\Web\camaga\RV_970628.htm --> www.ipnAtlanta.net /var/www/html/camaga RV_970628.htm
2003.02.01 12:28 B D:\My Documents\Data\Web\camaga\RV_970830.htm --> www.ipnAtlanta.net /var/www/html/camaga RV_970830.htm
2003.02.01 12:28 B D:\My Documents\Data\Web\camaga\RV_980307.htm --> www.ipnAtlanta.net /var/www/html/camaga RV_980307.htm
2003.02.01 12:28 B D:\My Documents\Data\Web\camaga\RV_980322.htm --> www.ipnAtlanta.net /var/www/html/camaga RV_980322.htm
2003.02.01 12:28 B D:\My Documents\Data\Web\camaga\RV_980328.htm --> www.ipnAtlanta.net /var/www/html/camaga RV_980328.htm
2003.02.01 12:28 B D:\My Documents\Data\Web\camaga\RV_980418.htm --> www.ipnAtlanta.net /var/www/html/camaga RV_980418.htm
2003.02.01 12:28 B D:\My Documents\Data\Web\camaga\RV_980822.htm --> www.ipnAtlanta.net /var/www/html/camaga RV_980822.htm
2003.02.01 12:28 B D:\My Documents\Data\Web\camaga\RV_980906.htm --> www.ipnAtlanta.net /var/www/html/camaga RV_980906.htm
2003.02.01 12:28 B D:\My Documents\Data\Web\camaga\RV_981017.htm --> www.ipnAtlanta.net /var/www/html/camaga RV_981017.htm
2003.02.01 12:28 B D:\My Documents\Data\Web\camaga\RV_990424.htm --> www.ipnAtlanta.net /var/www/html/camaga RV_990424.htm
2003.02.01 12:28 B D:\My Documents\Data\Web\camaga\RV_990926.htm --> www.ipnAtlanta.net /var/www/html/camaga RV_990926.htm
2003.02.01 12:28 B D:\My Documents\Data\Web\camaga\SanjayS_2002_songlist.htm --> www.ipnAtlanta.net /var/www/html/camaga SanjayS_2002_songlist.htm
2003.02.01 12:28 B D:\My Documents\Data\Web\camaga\SanthanmN_2002_songlist.htm --> www.ipnAtlanta.net /var/www/html/camaga SanthanmN_2002_songlist.htm
2003.02.01 12:28 B D:\My Documents\Data\Web\camaga\Seshagopalan_2002_songlist.htm --> www.ipnAtlanta.net /var/www/html/camaga Seshagopalan_2002_songlist.htm
2003.02.01 12:28 B D:\My Documents\Data\Web\camaga\shasahnk_2002_songlist.htm --> www.ipnAtlanta.net /var/www/html/camaga shasahnk_2002_songlist.htm
2003.02.01 12:28 B D:\My Documents\Data\Web\camaga\shashank_2002_songlist.htm --> www.ipnAtlanta.net /var/www/html/camaga shashank_2002_songlist.htm
2003.02.01 12:28 B D:\My Documents\Data\Web\camaga\Shyama_sastri.jpg --> www.ipnAtlanta.net /var/www/html/camaga Shyama_sastri.jpg
2003.02.01 12:28 B D:\My Documents\Data\Web\camaga\Sudha_Raghunathan.jpg --> www.ipnAtlanta.net /var/www/html/camaga Sudha_Raghunathan.jpg
2003.02.01 12:28 B D:\My Documents\Data\Web\camaga\TabContents.htm --> www.ipnAtlanta.net /var/www/html/camaga TabContents.htm
2003.02.01 12:28 B D:\My Documents\Data\Web\camaga\Thyagaraja.jpg --> www.ipnAtlanta.net /var/www/html/camaga Thyagaraja.jpg
2003.02.01 12:28 B D:\My Documents\Data\Web\camaga\tmk1.jpg --> www.ipnAtlanta.net /var/www/html/camaga tmk1.jpg
2003.02.01 12:28 B D:\My Documents\Data\Web\camaga\TMKrishna_2002_bio.htm --> www.ipnAtlanta.net /var/www/html/camaga TMKrishna_2002_bio.htm
2003.02.01 12:28 B D:\My Documents\Data\Web\camaga\TMKrishna_2002_songlist.htm --> www.ipnAtlanta.net /var/www/html/camaga TMKrishna_2002_songlist.htm
2003.02.01 12:28 B D:\My Documents\Data\Web\camaga\TVS_2002_songlist.htm --> www.ipnAtlanta.net /var/www/html/camaga TVS_2002_songlist.htm
2003.02.01 12:28 B D:\My Documents\Data\Web\camaga\upcoming.htm --> www.ipnAtlanta.net /var/www/html/camaga upcoming.htm
2003.02.01 12:28 B D:\My Documents\Data\Web\camaga\Vasundhara_2002_songlist.htm --> www.ipnAtlanta.net /var/www/html/camaga Vasundhara_2002_songlist.htm
2003.02.01 13:19 B D:\My Documents\Data\Web\camaga\WS_FTP.LOG --> www.ipnAtlanta.net /var/www/html/camaga WS_FTP.LOG
2003.02.01 13:35 B D:\My Documents\Data\Web\camaga\aautobull1.gif --> www.ipnAtlanta.net /var/www/html/camaga aautobull1.gif
2003.02.01 13:35 B D:\My Documents\Data\Web\camaga\aautorule.gif --> www.ipnAtlanta.net /var/www/html/camaga aautorule.gif
2003.02.01 13:35 B D:\My Documents\Data\Web\camaga\Aruna Sayeeram.jpg --> www.ipnAtlanta.net /var/www/html/camaga Aruna Sayeeram.jpg
2003.02.01 13:35 B D:\My Documents\Data\Web\camaga\Aruna_Sayeeram.jpg --> www.ipnAtlanta.net /var/www/html/camaga Aruna_Sayeeram.jpg
2003.02.01 13:35 B D:\My Documents\Data\Web\camaga\bg.gif --> www.ipnAtlanta.net /var/www/html/camaga bg.gif
2003.02.01 13:35 B D:\My Documents\Data\Web\camaga\camaga_bylaws_2001.htm --> www.ipnAtlanta.net /var/www/html/camaga camaga_bylaws_2001.htm
2003.02.01 13:35 B D:\My Documents\Data\Web\camaga\camaga_logo.jpg --> www.ipnAtlanta.net /var/www/html/camaga camaga_logo.jpg
2003.02.01 13:35 B D:\My Documents\Data\Web\camaga\Concerts_2001.htm --> www.ipnAtlanta.net /var/www/html/camaga Concerts_2001.htm
2003.02.01 13:35 B D:\My Documents\Data\Web\camaga\Concerts_2002.htm --> www.ipnAtlanta.net /var/www/html/camaga Concerts_2002.htm
2003.02.01 13:35 B D:\My Documents\Data\Web\camaga\contact.htm --> www.ipnAtlanta.net /var/www/html/camaga contact.htm
2003.02.01 13:35 B D:\My Documents\Data\Web\camaga\Dishitar.jpg --> www.ipnAtlanta.net /var/www/html/camaga Dishitar.jpg
2003.02.01 13:35 B D:\My Documents\Data\Web\camaga\filelist.xml --> www.ipnAtlanta.net /var/www/html/camaga filelist.xml
2003.02.01 13:35 B D:\My Documents\Data\Web\camaga\Ganesh_Kumaresh.jpg --> www.ipnAtlanta.net /var/www/html/camaga Ganesh_Kumaresh.jpg
2003.02.01 13:35 B D:\My Documents\Data\Web\camaga\Great_Composers_Day_Announcements_2003.htm --> www.ipnAtlanta.net /var/www/html/camaga Great_Composers_Day_Announcements_2003.htm
2003.02.01 13:35 B D:\My Documents\Data\Web\camaga\home.htm --> www.ipnAtlanta.net /var/www/html/camaga home.htm
2003.02.01 13:35 B D:\My Documents\Data\Web\camaga\home.html --> www.ipnAtlanta.net /var/www/html/camaga home.html
2003.02.01 13:35 B D:\My Documents\Data\Web\camaga\image001.gif --> www.ipnAtlanta.net /var/www/html/camaga image001.gif
2003.02.01 13:35 B D:\My Documents\Data\Web\camaga\image002.gif --> www.ipnAtlanta.net /var/www/html/camaga image002.gif
2003.02.01 13:35 B D:\My Documents\Data\Web\camaga\image003.png --> www.ipnAtlanta.net /var/www/html/camaga image003.png
2003.02.01 13:35 B D:\My Documents\Data\Web\camaga\image004.jpg --> www.ipnAtlanta.net /var/www/html/camaga image004.jpg
2003.02.01 13:36 B D:\My Documents\Data\Web\camaga\image005.png --> www.ipnAtlanta.net /var/www/html/camaga image005.png
2003.02.01 13:36 B D:\My Documents\Data\Web\camaga\image006.jpg --> www.ipnAtlanta.net /var/www/html/camaga image006.jpg
2003.02.01 13:36 B D:\My Documents\Data\Web\camaga\image007.png --> www.ipnAtlanta.net /var/www/html/camaga image007.png
2003.02.01 13:36 B D:\My Documents\Data\Web\camaga\image008.jpg --> www.ipnAtlanta.net /var/www/html/camaga image008.jpg
2003.02.01 13:36 B D:\My Documents\Data\Web\camaga\index.html --> www.ipnAtlanta.net /var/www/html/camaga index.html
2003.02.01 13:36 B D:\My Documents\Data\Web\camaga\logo.gif --> www.ipnAtlanta.net /var/www/html/camaga logo.gif
2003.02.01 13:36 B D:\My Documents\Data\Web\camaga\logo.jpg --> www.ipnAtlanta.net /var/www/html/camaga logo.jpg
2003.02.01 13:36 B D:\My Documents\Data\Web\camaga\mail.gif --> www.ipnAtlanta.net /var/www/html/camaga mail.gif
2003.02.01 13:36 B D:\My Documents\Data\Web\camaga\membership.htm --> www.ipnAtlanta.net /var/www/html/camaga membership.htm
2003.02.01 13:36 B D:\My Documents\Data\Web\camaga\membership_form.htm --> www.ipnAtlanta.net /var/www/html/camaga membership_form.htm
2003.02.01 13:36 B D:\My Documents\Data\Web\camaga\Purandaradasa.gif --> www.ipnAtlanta.net /var/www/html/camaga Purandaradasa.gif
2003.02.01 13:36 B D:\My Documents\Data\Web\camaga\Ravikiran.jpg --> www.ipnAtlanta.net /var/www/html/camaga Ravikiran.jpg
2003.02.01 13:36 B D:\My Documents\Data\Web\camaga\relatedlinks.htm --> www.ipnAtlanta.net /var/www/html/camaga relatedlinks.htm
2003.02.01 13:36 B D:\My Documents\Data\Web\camaga\reviewsandtapes.htm --> www.ipnAtlanta.net /var/www/html/camaga reviewsandtapes.htm
2003.02.01 13:36 B D:\My Documents\Data\Web\camaga\Rudrapatnam_2002_songlist.htm --> www.ipnAtlanta.net /var/www/html/camaga Rudrapatnam_2002_songlist.htm
2003.02.01 13:36 B D:\My Documents\Data\Web\camaga\RV_20000116.htm --> www.ipnAtlanta.net /var/www/html/camaga RV_20000116.htm
2003.02.01 13:36 B D:\My Documents\Data\Web\camaga\RV_970628.htm --> www.ipnAtlanta.net /var/www/html/camaga RV_970628.htm
2003.02.01 13:36 B D:\My Documents\Data\Web\camaga\RV_970830.htm --> www.ipnAtlanta.net /var/www/html/camaga RV_970830.htm
2003.02.01 13:36 B D:\My Documents\Data\Web\camaga\RV_980307.htm --> www.ipnAtlanta.net /var/www/html/camaga RV_980307.htm
2003.02.01 13:36 B D:\My Documents\Data\Web\camaga\RV_980322.htm --> www.ipnAtlanta.net /var/www/html/camaga RV_980322.htm
2003.02.01 13:36 B D:\My Documents\Data\Web\camaga\RV_980328.htm --> www.ipnAtlanta.net /var/www/html/camaga RV_980328.htm
2003.02.01 13:36 B D:\My Documents\Data\Web\camaga\RV_980418.htm --> www.ipnAtlanta.net /var/www/html/camaga RV_980418.htm
2003.02.01 13:36 B D:\My Documents\Data\Web\camaga\RV_980822.htm --> www.ipnAtlanta.net /var/www/html/camaga RV_980822.htm
2003.02.01 13:36 B D:\My Documents\Data\Web\camaga\RV_980906.htm --> www.ipnAtlanta.net /var/www/html/camaga RV_980906.htm
2003.02.01 13:36 B D:\My Documents\Data\Web\camaga\RV_981017.htm --> www.ipnAtlanta.net /var/www/html/camaga RV_981017.htm
2003.02.01 13:36 B D:\My Documents\Data\Web\camaga\RV_990424.htm --> www.ipnAtlanta.net /var/www/html/camaga RV_990424.htm
2003.02.01 13:36 B D:\My Documents\Data\Web\camaga\RV_990926.htm --> www.ipnAtlanta.net /var/www/html/camaga RV_990926.htm
2003.02.01 13:36 B D:\My Documents\Data\Web\camaga\SanjayS_2002_songlist.htm --> www.ipnAtlanta.net /var/www/html/camaga SanjayS_2002_songlist.htm
2003.02.01 13:36 B D:\My Documents\Data\Web\camaga\SanthanmN_2002_songlist.htm --> www.ipnAtlanta.net /var/www/html/camaga SanthanmN_2002_songlist.htm
2003.02.01 13:36 B D:\My Documents\Data\Web\camaga\Seshagopalan_2002_songlist.htm --> www.ipnAtlanta.net /var/www/html/camaga Seshagopalan_2002_songlist.htm
2003.02.01 13:36 B D:\My Documents\Data\Web\camaga\shasahnk_2002_songlist.htm --> www.ipnAtlanta.net /var/www/html/camaga shasahnk_2002_songlist.htm
2003.02.01 13:36 B D:\My Documents\Data\Web\camaga\shashank_2002_songlist.htm --> www.ipnAtlanta.net /var/www/html/camaga shashank_2002_songlist.htm
2003.02.01 13:36 B D:\My Documents\Data\Web\camaga\Shyama_sastri.jpg --> www.ipnAtlanta.net /var/www/html/camaga Shyama_sastri.jpg
2003.02.01 13:36 B D:\My Documents\Data\Web\camaga\Sudha_Raghunathan.jpg --> www.ipnAtlanta.net /var/www/html/camaga Sudha_Raghunathan.jpg
2003.02.01 13:36 B D:\My Documents\Data\Web\camaga\TabContents.htm --> www.ipnAtlanta.net /var/www/html/camaga TabContents.htm
2003.02.01 13:36 B D:\My Documents\Data\Web\camaga\Thyagaraja.jpg --> www.ipnAtlanta.net /var/www/html/camaga Thyagaraja.jpg
2003.02.01 13:36 B D:\My Documents\Data\Web\camaga\tmk1.jpg --> www.ipnAtlanta.net /var/www/html/camaga tmk1.jpg
2003.02.01 13:36 B D:\My Documents\Data\Web\camaga\TMKrishna_2002_bio.htm --> www.ipnAtlanta.net /var/www/html/camaga TMKrishna_2002_bio.htm
2003.02.01 13:36 B D:\My Documents\Data\Web\camaga\TMKrishna_2002_songlist.htm --> www.ipnAtlanta.net /var/www/html/camaga TMKrishna_2002_songlist.htm
2003.02.01 13:36 B D:\My Documents\Data\Web\camaga\TVS_2002_songlist.htm --> www.ipnAtlanta.net /var/www/html/camaga TVS_2002_songlist.htm
2003.02.01 13:36 B D:\My Documents\Data\Web\camaga\upcoming.htm --> www.ipnAtlanta.net /var/www/html/camaga upcoming.htm
2003.02.01 13:36 B D:\My Documents\Data\Web\camaga\Vasundhara_2002_songlist.htm --> www.ipnAtlanta.net /var/www/html/camaga Vasundhara_2002_songlist.htm
2003.03.28 19:14 B D:\My Documents\Data\Web\camaga\Aruna Sayeeram.jpg --> www.ipnAtlanta.net /html/camaga Aruna Sayeeram.jpg
2003.03.28 19:14 B D:\My Documents\Data\Web\camaga\Aruna_Sayeeram.jpg --> www.ipnAtlanta.net /html/camaga Aruna_Sayeeram.jpg
2003.03.28 19:14 B D:\My Documents\Data\Web\camaga\bg.gif --> www.ipnAtlanta.net /html/camaga bg.gif
2003.03.28 19:14 B D:\My Documents\Data\Web\camaga\camaga_bylaws_2001.htm --> www.ipnAtlanta.net /html/camaga camaga_bylaws_2001.htm
2003.03.28 19:14 B D:\My Documents\Data\Web\camaga\camaga_logo.jpg --> www.ipnAtlanta.net /html/camaga camaga_logo.jpg
2003.03.28 19:14 B D:\My Documents\Data\Web\camaga\Concerts_2001.htm --> www.ipnAtlanta.net /html/camaga Concerts_2001.htm
2003.03.28 19:14 B D:\My Documents\Data\Web\camaga\Concerts_2002.htm --> www.ipnAtlanta.net /html/camaga Concerts_2002.htm
2003.03.28 19:14 B D:\My Documents\Data\Web\camaga\Dishitar.jpg --> www.ipnAtlanta.net /html/camaga Dishitar.jpg
2003.03.28 19:14 B D:\My Documents\Data\Web\camaga\filelist.xml --> www.ipnAtlanta.net /html/camaga filelist.xml
2003.03.28 19:14 B D:\My Documents\Data\Web\camaga\Ganesh_Kumaresh.jpg --> www.ipnAtlanta.net /html/camaga Ganesh_Kumaresh.jpg
2003.03.28 19:14 B D:\My Documents\Data\Web\camaga\Great_Composers_Day_Announcements_2003.htm --> www.ipnAtlanta.net /html/camaga Great_Composers_Day_Announcements_2003.htm
2003.03.28 19:14 B D:\My Documents\Data\Web\camaga\home.html --> www.ipnAtlanta.net /html/camaga home.html
2003.03.28 19:14 B D:\My Documents\Data\Web\camaga\image001.gif --> www.ipnAtlanta.net /html/camaga image001.gif
2003.03.28 19:14 B D:\My Documents\Data\Web\camaga\image002.gif --> www.ipnAtlanta.net /html/camaga image002.gif
2003.03.28 19:14 B D:\My Documents\Data\Web\camaga\image003.png --> www.ipnAtlanta.net /html/camaga image003.png
2003.03.28 19:14 B D:\My Documents\Data\Web\camaga\image004.jpg --> www.ipnAtlanta.net /html/camaga image004.jpg
2003.03.28 19:14 B D:\My Documents\Data\Web\camaga\image005.png --> www.ipnAtlanta.net /html/camaga image005.png
2003.03.28 19:14 B D:\My Documents\Data\Web\camaga\image006.jpg --> www.ipnAtlanta.net /html/camaga image006.jpg
2003.03.28 19:15 B D:\My Documents\Data\Web\camaga\image007.png --> www.ipnAtlanta.net /html/camaga image007.png
2003.03.28 19:15 B D:\My Documents\Data\Web\camaga\image008.jpg --> www.ipnAtlanta.net /html/camaga image008.jpg
2003.03.28 19:15 B D:\My Documents\Data\Web\camaga\logo.gif --> www.ipnAtlanta.net /html/camaga logo.gif
2003.03.28 19:15 B D:\My Documents\Data\Web\camaga\mail.gif --> www.ipnAtlanta.net /html/camaga mail.gif
2003.03.28 19:15 B D:\My Documents\Data\Web\camaga\membership_form.htm --> www.ipnAtlanta.net /html/camaga membership_form.htm
2003.03.28 19:15 B D:\My Documents\Data\Web\camaga\Purandaradasa.gif --> www.ipnAtlanta.net /html/camaga Purandaradasa.gif
2003.03.28 19:15 B D:\My Documents\Data\Web\camaga\Ravikiran.jpg --> www.ipnAtlanta.net /html/camaga Ravikiran.jpg
2003.03.28 19:15 B D:\My Documents\Data\Web\camaga\Rudrapatnam_2002_songlist.htm --> www.ipnAtlanta.net /html/camaga Rudrapatnam_2002_songlist.htm
2003.03.28 19:15 B D:\My Documents\Data\Web\camaga\RV_970830.htm --> www.ipnAtlanta.net /html/camaga RV_970830.htm
2003.03.28 19:15 B D:\My Documents\Data\Web\camaga\SanjayS_2002_songlist.htm --> www.ipnAtlanta.net /html/camaga SanjayS_2002_songlist.htm
2003.03.28 19:15 B D:\My Documents\Data\Web\camaga\SanthanmN_2002_songlist.htm --> www.ipnAtlanta.net /html/camaga SanthanmN_2002_songlist.htm
2003.03.28 19:15 B D:\My Documents\Data\Web\camaga\Seshagopalan_2002_songlist.htm --> www.ipnAtlanta.net /html/camaga Seshagopalan_2002_songlist.htm
2003.03.28 19:15 B D:\My Documents\Data\Web\camaga\shasahnk_2002_songlist.htm --> www.ipnAtlanta.net /html/camaga shasahnk_2002_songlist.htm
2003.03.28 19:15 B D:\My Documents\Data\Web\camaga\shashank_2002_songlist.htm --> www.ipnAtlanta.net /html/camaga shashank_2002_songlist.htm
2003.03.28 19:15 B D:\My Documents\Data\Web\camaga\Shyama_sastri.jpg --> www.ipnAtlanta.net /html/camaga Shyama_sastri.jpg
2003.03.28 19:15 B D:\My Documents\Data\Web\camaga\Sudha_Raghunathan.jpg --> www.ipnAtlanta.net /html/camaga Sudha_Raghunathan.jpg
2003.03.28 19:15 B D:\My Documents\Data\Web\camaga\Thyagaraja.jpg --> www.ipnAtlanta.net /html/camaga Thyagaraja.jpg
2003.03.28 19:15 B D:\My Documents\Data\Web\camaga\tmk1.jpg --> www.ipnAtlanta.net /html/camaga tmk1.jpg
2003.03.28 19:15 B D:\My Documents\Data\Web\camaga\TMKrishna_2002_bio.htm --> www.ipnAtlanta.net /html/camaga TMKrishna_2002_bio.htm
2003.03.28 19:15 B D:\My Documents\Data\Web\camaga\TMKrishna_2002_songlist.htm --> www.ipnAtlanta.net /html/camaga TMKrishna_2002_songlist.htm
2003.03.28 19:15 B D:\My Documents\Data\Web\camaga\TVS_2002_songlist.htm --> www.ipnAtlanta.net /html/camaga TVS_2002_songlist.htm
2003.03.28 19:15 B D:\My Documents\Data\Web\camaga\Vasundhara_2002_songlist.htm --> www.ipnAtlanta.net /html/camaga Vasundhara_2002_songlist.htm
2003.03.28 20:23 B D:\My Documents\Data\Web\camaga\index.html --> www.ipnAtlanta.net /html/camaga index.html
2003.03.28 20:47 B D:\My Documents\Data\Web\camaga\aautobull1.gif --> www.ipnAtlanta.net /html/camaga aautobull1.gif
2003.03.28 20:47 B D:\My Documents\Data\Web\camaga\aautorule.gif --> www.ipnAtlanta.net /html/camaga aautorule.gif
2003.03.28 20:47 B D:\My Documents\Data\Web\camaga\Aruna Sayeeram.jpg --> www.ipnAtlanta.net /html/camaga Aruna Sayeeram.jpg
2003.03.28 20:47 B D:\My Documents\Data\Web\camaga\Aruna_Sayeeram.jpg --> www.ipnAtlanta.net /html/camaga Aruna_Sayeeram.jpg
2003.03.28 20:47 B D:\My Documents\Data\Web\camaga\bg.gif --> www.ipnAtlanta.net /html/camaga bg.gif
2003.03.28 20:47 B D:\My Documents\Data\Web\camaga\camaga_bylaws_2001.htm --> www.ipnAtlanta.net /html/camaga camaga_bylaws_2001.htm
2003.03.28 20:47 B D:\My Documents\Data\Web\camaga\camaga_logo.jpg --> www.ipnAtlanta.net /html/camaga camaga_logo.jpg
2003.03.28 20:47 B D:\My Documents\Data\Web\camaga\Concerts_2001.htm --> www.ipnAtlanta.net /html/camaga Concerts_2001.htm
2003.03.28 20:47 B D:\My Documents\Data\Web\camaga\Concerts_2002.htm --> www.ipnAtlanta.net /html/camaga Concerts_2002.htm
2003.03.28 20:47 B D:\My Documents\Data\Web\camaga\contact.htm --> www.ipnAtlanta.net /html/camaga contact.htm
2003.03.28 20:47 B D:\My Documents\Data\Web\camaga\Dishitar.jpg --> www.ipnAtlanta.net /html/camaga Dishitar.jpg
2003.03.28 20:47 B D:\My Documents\Data\Web\camaga\filelist.xml --> www.ipnAtlanta.net /html/camaga filelist.xml
2003.03.28 20:47 B D:\My Documents\Data\Web\camaga\Ganesh_Kumaresh.jpg --> www.ipnAtlanta.net /html/camaga Ganesh_Kumaresh.jpg
2003.03.28 20:47 B D:\My Documents\Data\Web\camaga\Great_Composers_Day_Announcements_2003.htm --> www.ipnAtlanta.net /html/camaga Great_Composers_Day_Announcements_2003.htm
2003.03.28 20:47 B D:\My Documents\Data\Web\camaga\home.htm --> www.ipnAtlanta.net /html/camaga home.htm
2003.03.28 20:47 B D:\My Documents\Data\Web\camaga\home.html --> www.ipnAtlanta.net /html/camaga home.html
2003.03.28 20:47 B D:\My Documents\Data\Web\camaga\image001.gif --> www.ipnAtlanta.net /html/camaga image001.gif
2003.03.28 20:47 B D:\My Documents\Data\Web\camaga\image002.gif --> www.ipnAtlanta.net /html/camaga image002.gif
2003.03.28 20:47 B D:\My Documents\Data\Web\camaga\image003.png --> www.ipnAtlanta.net /html/camaga image003.png
2003.03.28 20:47 B D:\My Documents\Data\Web\camaga\image004.jpg --> www.ipnAtlanta.net /html/camaga image004.jpg
2003.03.28 20:47 B D:\My Documents\Data\Web\camaga\image005.png --> www.ipnAtlanta.net /html/camaga image005.png
2003.03.28 20:47 B D:\My Documents\Data\Web\camaga\image006.jpg --> www.ipnAtlanta.net /html/camaga image006.jpg
2003.03.28 20:47 B D:\My Documents\Data\Web\camaga\image007.png --> www.ipnAtlanta.net /html/camaga image007.png
2003.03.28 20:47 B D:\My Documents\Data\Web\camaga\image008.jpg --> www.ipnAtlanta.net /html/camaga image008.jpg
2003.03.28 20:47 B D:\My Documents\Data\Web\camaga\index.html --> www.ipnAtlanta.net /html/camaga index.html
2003.03.28 20:47 B D:\My Documents\Data\Web\camaga\logo.gif --> www.ipnAtlanta.net /html/camaga logo.gif
2003.03.28 20:47 B D:\My Documents\Data\Web\camaga\logo.jpg --> www.ipnAtlanta.net /html/camaga logo.jpg
2003.03.28 20:47 B D:\My Documents\Data\Web\camaga\mail.gif --> www.ipnAtlanta.net /html/camaga mail.gif
2003.03.28 20:47 B D:\My Documents\Data\Web\camaga\membership.htm --> www.ipnAtlanta.net /html/camaga membership.htm
2003.03.28 20:47 B D:\My Documents\Data\Web\camaga\membership_form.htm --> www.ipnAtlanta.net /html/camaga membership_form.htm
2003.03.28 20:47 B D:\My Documents\Data\Web\camaga\Purandaradasa.gif --> www.ipnAtlanta.net /html/camaga Purandaradasa.gif
2003.03.28 20:47 B D:\My Documents\Data\Web\camaga\Ravikiran.jpg --> www.ipnAtlanta.net /html/camaga Ravikiran.jpg
2003.03.28 20:47 B D:\My Documents\Data\Web\camaga\relatedlinks.htm --> www.ipnAtlanta.net /html/camaga relatedlinks.htm
2003.03.28 20:47 B D:\My Documents\Data\Web\camaga\reviewsandtapes.htm --> www.ipnAtlanta.net /html/camaga reviewsandtapes.htm
2003.03.28 20:47 B D:\My Documents\Data\Web\camaga\Rudrapatnam_2002_songlist.htm --> www.ipnAtlanta.net /html/camaga Rudrapatnam_2002_songlist.htm
2003.03.28 20:47 B D:\My Documents\Data\Web\camaga\RV_20000116.htm --> www.ipnAtlanta.net /html/camaga RV_20000116.htm
2003.03.28 20:47 B D:\My Documents\Data\Web\camaga\RV_970628.htm --> www.ipnAtlanta.net /html/camaga RV_970628.htm
2003.03.28 20:47 B D:\My Documents\Data\Web\camaga\RV_970830.htm --> www.ipnAtlanta.net /html/camaga RV_970830.htm
2003.03.28 20:47 B D:\My Documents\Data\Web\camaga\RV_980307.htm --> www.ipnAtlanta.net /html/camaga RV_980307.htm
2003.03.28 20:47 B D:\My Documents\Data\Web\camaga\RV_980322.htm --> www.ipnAtlanta.net /html/camaga RV_980322.htm
2003.03.28 20:47 B D:\My Documents\Data\Web\camaga\RV_980328.htm --> www.ipnAtlanta.net /html/camaga RV_980328.htm
2003.03.28 20:47 B D:\My Documents\Data\Web\camaga\RV_980418.htm --> www.ipnAtlanta.net /html/camaga RV_980418.htm
2003.03.28 20:47 B D:\My Documents\Data\Web\camaga\RV_980822.htm --> www.ipnAtlanta.net /html/camaga RV_980822.htm
2003.03.28 20:47 B D:\My Documents\Data\Web\camaga\RV_980906.htm --> www.ipnAtlanta.net /html/camaga RV_980906.htm
2003.03.28 20:47 B D:\My Documents\Data\Web\camaga\RV_981017.htm --> www.ipnAtlanta.net /html/camaga RV_981017.htm
2003.03.28 20:47 B D:\My Documents\Data\Web\camaga\RV_990424.htm --> www.ipnAtlanta.net /html/camaga RV_990424.htm
2003.03.28 20:47 B D:\My Documents\Data\Web\camaga\RV_990926.htm --> www.ipnAtlanta.net /html/camaga RV_990926.htm
2003.03.28 20:47 B D:\My Documents\Data\Web\camaga\SanjayS_2002_songlist.htm --> www.ipnAtlanta.net /html/camaga SanjayS_2002_songlist.htm
2003.03.28 20:47 B D:\My Documents\Data\Web\camaga\SanthanmN_2002_songlist.htm --> www.ipnAtlanta.net /html/camaga SanthanmN_2002_songlist.htm
2003.03.28 20:47 B D:\My Documents\Data\Web\camaga\Seshagopalan_2002_songlist.htm --> www.ipnAtlanta.net /html/camaga Seshagopalan_2002_songlist.htm
2003.03.28 20:48 B D:\My Documents\Data\Web\camaga\shasahnk_2002_songlist.htm --> www.ipnAtlanta.net /html/camaga shasahnk_2002_songlist.htm
2003.03.28 20:48 B D:\My Documents\Data\Web\camaga\shashank_2002_songlist.htm --> www.ipnAtlanta.net /html/camaga shashank_2002_songlist.htm
2003.03.28 20:48 B D:\My Documents\Data\Web\camaga\Shyama_sastri.jpg --> www.ipnAtlanta.net /html/camaga Shyama_sastri.jpg
2003.03.28 20:48 B D:\My Documents\Data\Web\camaga\Sudha_Raghunathan.jpg --> www.ipnAtlanta.net /html/camaga Sudha_Raghunathan.jpg
2003.03.28 20:48 B D:\My Documents\Data\Web\camaga\TabContents.htm --> www.ipnAtlanta.net /html/camaga TabContents.htm
2003.03.28 20:48 B D:\My Documents\Data\Web\camaga\Thyagaraja.jpg --> www.ipnAtlanta.net /html/camaga Thyagaraja.jpg
2003.03.28 20:48 B D:\My Documents\Data\Web\camaga\tmk1.jpg --> www.ipnAtlanta.net /html/camaga tmk1.jpg
2003.03.28 20:48 B D:\My Documents\Data\Web\camaga\TMKrishna_2002_bio.htm --> www.ipnAtlanta.net /html/camaga TMKrishna_2002_bio.htm
2003.03.28 20:48 B D:\My Documents\Data\Web\camaga\TMKrishna_2002_songlist.htm --> www.ipnAtlanta.net /html/camaga TMKrishna_2002_songlist.htm
2003.03.28 20:48 B D:\My Documents\Data\Web\camaga\TVS_2002_songlist.htm --> www.ipnAtlanta.net /html/camaga TVS_2002_songlist.htm
2003.03.28 20:48 B D:\My Documents\Data\Web\camaga\upcoming.htm --> www.ipnAtlanta.net /html/camaga upcoming.htm
2003.03.28 20:48 B D:\My Documents\Data\Web\camaga\Vasundhara_2002_songlist.htm --> www.ipnAtlanta.net /html/camaga Vasundhara_2002_songlist.htm
2003.05.10 10:14 B D:\My Documents\Data\Web\camaga\home.html --> www.ipnAtlanta.net / home.html
2003.05.10 10:15 B D:\My Documents\Data\Web\camaga\home.html --> www.ipnAtlanta.net / home.html
2004.10.17 14:15 B C:\Documents and Settings\narsi\My Documents\Data\Web\camaga\aautobull1.gif --> 63.241.136.206  /camaga aautobull1.gif
2004.10.17 14:15 B C:\Documents and Settings\narsi\My Documents\Data\Web\camaga\aautorule.gif --> 63.241.136.206  /camaga aautorule.gif
2004.10.17 14:15 B C:\Documents and Settings\narsi\My Documents\Data\Web\camaga\Aruna Sayeeram.jpg --> 63.241.136.206  /camaga Aruna Sayeeram.jpg
2004.10.17 14:15 B C:\Documents and Settings\narsi\My Documents\Data\Web\camaga\Aruna_Sayeeram.jpg --> 63.241.136.206  /camaga Aruna_Sayeeram.jpg
2004.10.17 14:15 B C:\Documents and Settings\narsi\My Documents\Data\Web\camaga\bg.gif --> 63.241.136.206  /camaga bg.gif
2004.10.17 14:15 B C:\Documents and Settings\narsi\My Documents\Data\Web\camaga\camaga_bylaws_2001.htm --> 63.241.136.206  /camaga camaga_bylaws_2001.htm
2004.10.17 14:15 B C:\Documents and Settings\narsi\My Documents\Data\Web\camaga\camaga_logo.jpg --> 63.241.136.206  /camaga camaga_logo.jpg
2004.10.17 14:15 B C:\Documents and Settings\narsi\My Documents\Data\Web\camaga\Concerts_2001.htm --> 63.241.136.206  /camaga Concerts_2001.htm
2004.10.17 14:15 B C:\Documents and Settings\narsi\My Documents\Data\Web\camaga\Concerts_2002.htm --> 63.241.136.206  /camaga Concerts_2002.htm
2004.10.17 14:15 B C:\Documents and Settings\narsi\My Documents\Data\Web\camaga\contact.htm --> 63.241.136.206  /camaga contact.htm
2004.10.17 14:15 B C:\Documents and Settings\narsi\My Documents\Data\Web\camaga\Dishitar.jpg --> 63.241.136.206  /camaga Dishitar.jpg
2004.10.17 14:15 B C:\Documents and Settings\narsi\My Documents\Data\Web\camaga\filelist.xml --> 63.241.136.206  /camaga filelist.xml
2004.10.17 14:15 B C:\Documents and Settings\narsi\My Documents\Data\Web\camaga\Ganesh_Kumaresh.jpg --> 63.241.136.206  /camaga Ganesh_Kumaresh.jpg
2004.10.17 14:15 B C:\Documents and Settings\narsi\My Documents\Data\Web\camaga\Great_Composers_Day_Announcements_2003.htm --> 63.241.136.206  /camaga Great_Composers_Day_Announcements_2003.htm
2004.10.17 14:15 B C:\Documents and Settings\narsi\My Documents\Data\Web\camaga\home.htm --> 63.241.136.206  /camaga home.htm
2004.10.17 14:15 B C:\Documents and Settings\narsi\My Documents\Data\Web\camaga\home.html --> 63.241.136.206  /camaga home.html
2004.10.17 14:15 B C:\Documents and Settings\narsi\My Documents\Data\Web\camaga\image001.gif --> 63.241.136.206  /camaga image001.gif
2004.10.17 14:15 B C:\Documents and Settings\narsi\My Documents\Data\Web\camaga\image002.gif --> 63.241.136.206  /camaga image002.gif
2004.10.17 14:15 B C:\Documents and Settings\narsi\My Documents\Data\Web\camaga\image003.png --> 63.241.136.206  /camaga image003.png
2004.10.17 14:15 B C:\Documents and Settings\narsi\My Documents\Data\Web\camaga\image004.jpg --> 63.241.136.206  /camaga image004.jpg
2004.10.17 14:15 B C:\Documents and Settings\narsi\My Documents\Data\Web\camaga\image005.png --> 63.241.136.206  /camaga image005.png
2004.10.17 14:15 B C:\Documents and Settings\narsi\My Documents\Data\Web\camaga\image006.jpg --> 63.241.136.206  /camaga image006.jpg
2004.10.17 14:15 B C:\Documents and Settings\narsi\My Documents\Data\Web\camaga\image007.png --> 63.241.136.206  /camaga image007.png
2004.10.17 14:15 B C:\Documents and Settings\narsi\My Documents\Data\Web\camaga\image008.jpg --> 63.241.136.206  /camaga image008.jpg
2004.10.17 14:16 B C:\Documents and Settings\narsi\My Documents\Data\Web\camaga\index.html --> 63.241.136.206  /camaga index.html
2004.10.17 14:16 B C:\Documents and Settings\narsi\My Documents\Data\Web\camaga\logo.gif --> 63.241.136.206  /camaga logo.gif
2004.10.17 14:16 B C:\Documents and Settings\narsi\My Documents\Data\Web\camaga\logo.jpg --> 63.241.136.206  /camaga logo.jpg
2004.10.17 14:16 B C:\Documents and Settings\narsi\My Documents\Data\Web\camaga\mail.gif --> 63.241.136.206  /camaga mail.gif
2004.10.17 14:16 B C:\Documents and Settings\narsi\My Documents\Data\Web\camaga\membership.htm --> 63.241.136.206  /camaga membership.htm
2004.10.17 14:16 B C:\Documents and Settings\narsi\My Documents\Data\Web\camaga\membership_form.htm --> 63.241.136.206  /camaga membership_form.htm
2004.10.17 14:16 B C:\Documents and Settings\narsi\My Documents\Data\Web\camaga\paalam.html --> 63.241.136.206  /camaga paalam.html
2004.10.17 14:16 B C:\Documents and Settings\narsi\My Documents\Data\Web\camaga\Purandaradasa.gif --> 63.241.136.206  /camaga Purandaradasa.gif
2004.10.17 14:16 B C:\Documents and Settings\narsi\My Documents\Data\Web\camaga\Ravikiran.jpg --> 63.241.136.206  /camaga Ravikiran.jpg
2004.10.17 14:16 B C:\Documents and Settings\narsi\My Documents\Data\Web\camaga\relatedlinks.htm --> 63.241.136.206  /camaga relatedlinks.htm
2004.10.17 14:16 B C:\Documents and Settings\narsi\My Documents\Data\Web\camaga\reviewsandtapes.htm --> 63.241.136.206  /camaga reviewsandtapes.htm
2004.10.17 14:16 B C:\Documents and Settings\narsi\My Documents\Data\Web\camaga\Rudrapatnam_2002_songlist.htm --> 63.241.136.206  /camaga Rudrapatnam_2002_songlist.htm
2004.10.17 14:16 B C:\Documents and Settings\narsi\My Documents\Data\Web\camaga\RV_20000116.htm --> 63.241.136.206  /camaga RV_20000116.htm
2004.10.17 14:16 B C:\Documents and Settings\narsi\My Documents\Data\Web\camaga\RV_970628.htm --> 63.241.136.206  /camaga RV_970628.htm
2004.10.17 14:16 B C:\Documents and Settings\narsi\My Documents\Data\Web\camaga\RV_970830.htm --> 63.241.136.206  /camaga RV_970830.htm
2004.10.17 14:16 B C:\Documents and Settings\narsi\My Documents\Data\Web\camaga\RV_980307.htm --> 63.241.136.206  /camaga RV_980307.htm
2004.10.17 14:16 B C:\Documents and Settings\narsi\My Documents\Data\Web\camaga\RV_980322.htm --> 63.241.136.206  /camaga RV_980322.htm
2004.10.17 14:16 B C:\Documents and Settings\narsi\My Documents\Data\Web\camaga\RV_980328.htm --> 63.241.136.206  /camaga RV_980328.htm
2004.10.17 14:16 B C:\Documents and Settings\narsi\My Documents\Data\Web\camaga\RV_980418.htm --> 63.241.136.206  /camaga RV_980418.htm
2004.10.17 14:16 B C:\Documents and Settings\narsi\My Documents\Data\Web\camaga\RV_980822.htm --> 63.241.136.206  /camaga RV_980822.htm
2004.10.17 14:16 B C:\Documents and Settings\narsi\My Documents\Data\Web\camaga\RV_980906.htm --> 63.241.136.206  /camaga RV_980906.htm
2004.10.17 14:16 B C:\Documents and Settings\narsi\My Documents\Data\Web\camaga\RV_981017.htm --> 63.241.136.206  /camaga RV_981017.htm
2004.10.17 14:16 B C:\Documents and Settings\narsi\My Documents\Data\Web\camaga\RV_990424.htm --> 63.241.136.206  /camaga RV_990424.htm
2004.10.17 14:16 B C:\Documents and Settings\narsi\My Documents\Data\Web\camaga\RV_990926.htm --> 63.241.136.206  /camaga RV_990926.htm
2004.10.17 14:16 B C:\Documents and Settings\narsi\My Documents\Data\Web\camaga\SanjayS_2002_songlist.htm --> 63.241.136.206  /camaga SanjayS_2002_songlist.htm
2004.10.17 14:16 B C:\Documents and Settings\narsi\My Documents\Data\Web\camaga\SanthanmN_2002_songlist.htm --> 63.241.136.206  /camaga SanthanmN_2002_songlist.htm
2004.10.17 14:16 B C:\Documents and Settings\narsi\My Documents\Data\Web\camaga\Seshagopalan_2002_songlist.htm --> 63.241.136.206  /camaga Seshagopalan_2002_songlist.htm
2004.10.17 14:16 B C:\Documents and Settings\narsi\My Documents\Data\Web\camaga\shasahnk_2002_songlist.htm --> 63.241.136.206  /camaga shasahnk_2002_songlist.htm
2004.10.17 14:16 B C:\Documents and Settings\narsi\My Documents\Data\Web\camaga\shashank_2002_songlist.htm --> 63.241.136.206  /camaga shashank_2002_songlist.htm
2004.10.17 14:16 B C:\Documents and Settings\narsi\My Documents\Data\Web\camaga\Shyama_sastri.jpg --> 63.241.136.206  /camaga Shyama_sastri.jpg
2004.10.17 14:16 B C:\Documents and Settings\narsi\My Documents\Data\Web\camaga\Sudha_Raghunathan.jpg --> 63.241.136.206  /camaga Sudha_Raghunathan.jpg
2004.10.17 14:16 B C:\Documents and Settings\narsi\My Documents\Data\Web\camaga\TabContents.htm --> 63.241.136.206  /camaga TabContents.htm
2004.10.17 14:16 B C:\Documents and Settings\narsi\My Documents\Data\Web\camaga\Thyagaraja.jpg --> 63.241.136.206  /camaga Thyagaraja.jpg
2004.10.17 14:16 B C:\Documents and Settings\narsi\My Documents\Data\Web\camaga\tmk1.jpg --> 63.241.136.206  /camaga tmk1.jpg
2004.10.17 14:16 B C:\Documents and Settings\narsi\My Documents\Data\Web\camaga\TMKrishna_2002_bio.htm --> 63.241.136.206  /camaga TMKrishna_2002_bio.htm
2004.10.17 14:16 B C:\Documents and Settings\narsi\My Documents\Data\Web\camaga\TMKrishna_2002_songlist.htm --> 63.241.136.206  /camaga TMKrishna_2002_songlist.htm
2004.10.17 14:16 B C:\Documents and Settings\narsi\My Documents\Data\Web\camaga\TVS_2002_songlist.htm --> 63.241.136.206  /camaga TVS_2002_songlist.htm
2004.10.17 14:16 B C:\Documents and Settings\narsi\My Documents\Data\Web\camaga\upcoming.htm --> 63.241.136.206  /camaga upcoming.htm
2004.10.17 14:16 B C:\Documents and Settings\narsi\My Documents\Data\Web\camaga\Vasundhara_2002_songlist.htm --> 63.241.136.206  /camaga Vasundhara_2002_songlist.htm
