102.02.23 18:35 B D:\Data\Web\camaga\new\contact.htm --> www.ipnAtlanta.net /var/www/html/camaga contact.htm
102.02.23 18:35 B D:\Data\Web\camaga\new\reviewsandtapes.htm --> www.ipnAtlanta.net /var/www/html/camaga reviewsandtapes.htm
102.02.23 18:35 B D:\Data\Web\camaga\new\upcoming.htm --> www.ipnAtlanta.net /var/www/html/camaga upcoming.htm
102.02.23 19:07 B D:\Data\Web\camaga\new\contact.htm --> www.ipnAtlanta.net /var/www/html/camaga contact.htm
102.02.23 19:07 B D:\Data\Web\camaga\new\reviewsandtapes.htm --> www.ipnAtlanta.net /var/www/html/camaga reviewsandtapes.htm
102.02.23 19:08 B D:\Data\Web\camaga\new\upcoming.htm --> www.ipnAtlanta.net /var/www/html/camaga upcoming.htm
102.04.30 10:01 B D:\Data\Web\camaga\new\upcoming.htm --> www.ipnAtlanta.net /var/www/html/camaga upcoming.htm
102.05.06 21:23 B D:\Data\Web\camaga\new\contact.htm --> www.ipnAtlanta.net /var/www/html/camaga contact.htm
102.05.07 11:23 B D:\Data\Web\camaga\new\index.html --> www.ipnAtlanta.net /var/www/html/camaga index.html
102.06.02 17:22 B D:\Data\Web\camaga\new\upcoming.htm --> www.ipnAtlanta.net /var/www/html/camaga upcoming.htm
2002.11.06 17:40 B D:\My Documents\Data\Web\camaga\new\upcoming.htm --> www.ipnAtlanta.net /var/www/html/camaga upcoming.htm
2002.12.09 18:21 B D:\My Documents\Data\Web\camaga\new\Dishitar.bmp --> www.ipnAtlanta.net /var/www/html/camaga Dishitar.bmp
2002.12.09 18:21 B D:\My Documents\Data\Web\camaga\new\Great_Composers_Day_Announcements_2003.htm --> www.ipnAtlanta.net /var/www/html/camaga Great_Composers_Day_Announcements_2003.htm
2002.12.09 18:21 B D:\My Documents\Data\Web\camaga\new\Purandaradasa.gif --> www.ipnAtlanta.net /var/www/html/camaga Purandaradasa.gif
2002.12.09 18:21 B D:\My Documents\Data\Web\camaga\new\reviewsandtapes.htm --> www.ipnAtlanta.net /var/www/html/camaga reviewsandtapes.htm
2002.12.09 18:21 B D:\My Documents\Data\Web\camaga\new\Rudrapatnam_2002_songlist.htm --> www.ipnAtlanta.net /var/www/html/camaga Rudrapatnam_2002_songlist.htm
2002.12.09 18:21 B D:\My Documents\Data\Web\camaga\new\SanjayS_2002_songlist.htm --> www.ipnAtlanta.net /var/www/html/camaga SanjayS_2002_songlist.htm
2002.12.09 18:21 B D:\My Documents\Data\Web\camaga\new\SanthanmN_2002_songlist.htm --> www.ipnAtlanta.net /var/www/html/camaga SanthanmN_2002_songlist.htm
2002.12.09 18:21 B D:\My Documents\Data\Web\camaga\new\Seshagopalan_2002_songlist.htm --> www.ipnAtlanta.net /var/www/html/camaga Seshagopalan_2002_songlist.htm
2002.12.09 18:21 B D:\My Documents\Data\Web\camaga\new\shasahnk_2002_songlist.htm --> www.ipnAtlanta.net /var/www/html/camaga shasahnk_2002_songlist.htm
2002.12.09 18:21 B D:\My Documents\Data\Web\camaga\new\Shyama_sastri.bmp --> www.ipnAtlanta.net /var/www/html/camaga Shyama_sastri.bmp
2002.12.09 18:21 B D:\My Documents\Data\Web\camaga\new\TabContents.htm --> www.ipnAtlanta.net /var/www/html/camaga TabContents.htm
2002.12.09 18:21 B D:\My Documents\Data\Web\camaga\new\Thyagaraja.bmp --> www.ipnAtlanta.net /var/www/html/camaga Thyagaraja.bmp
2002.12.09 18:21 B D:\My Documents\Data\Web\camaga\new\TMKrishna_2002_songlist.htm --> www.ipnAtlanta.net /var/www/html/camaga TMKrishna_2002_songlist.htm
2002.12.09 18:21 B D:\My Documents\Data\Web\camaga\new\TVS_2002_songlist.htm --> www.ipnAtlanta.net /var/www/html/camaga TVS_2002_songlist.htm
2002.12.09 18:21 B D:\My Documents\Data\Web\camaga\new\upcoming.htm --> www.ipnAtlanta.net /var/www/html/camaga upcoming.htm
2002.12.09 20:33 B D:\My Documents\Data\Web\camaga\new\Dishitar.bmp --> www.ipnAtlanta.net /var/www/html/camaga Dishitar.bmp
2002.12.09 20:33 B D:\My Documents\Data\Web\camaga\new\filelist.xml --> www.ipnAtlanta.net /var/www/html/camaga filelist.xml
2002.12.09 20:33 B D:\My Documents\Data\Web\camaga\new\Great_Composers_Day_Announcements_2003.htm --> www.ipnAtlanta.net /var/www/html/camaga Great_Composers_Day_Announcements_2003.htm
2002.12.09 20:33 B D:\My Documents\Data\Web\camaga\new\image001.gif --> www.ipnAtlanta.net /var/www/html/camaga image001.gif
2002.12.09 20:33 B D:\My Documents\Data\Web\camaga\new\image002.gif --> www.ipnAtlanta.net /var/www/html/camaga image002.gif
2002.12.09 20:33 B D:\My Documents\Data\Web\camaga\new\image003.png --> www.ipnAtlanta.net /var/www/html/camaga image003.png
2002.12.09 20:33 B D:\My Documents\Data\Web\camaga\new\image004.jpg --> www.ipnAtlanta.net /var/www/html/camaga image004.jpg
2002.12.09 20:33 B D:\My Documents\Data\Web\camaga\new\image005.png --> www.ipnAtlanta.net /var/www/html/camaga image005.png
2002.12.09 20:33 B D:\My Documents\Data\Web\camaga\new\image006.jpg --> www.ipnAtlanta.net /var/www/html/camaga image006.jpg
2002.12.09 20:33 B D:\My Documents\Data\Web\camaga\new\image007.png --> www.ipnAtlanta.net /var/www/html/camaga image007.png
2002.12.09 20:33 B D:\My Documents\Data\Web\camaga\new\image008.jpg --> www.ipnAtlanta.net /var/www/html/camaga image008.jpg
2002.12.09 20:33 B D:\My Documents\Data\Web\camaga\new\Purandaradasa.gif --> www.ipnAtlanta.net /var/www/html/camaga Purandaradasa.gif
2002.12.09 20:33 B D:\My Documents\Data\Web\camaga\new\reviewsandtapes.htm --> www.ipnAtlanta.net /var/www/html/camaga reviewsandtapes.htm
2002.12.09 20:33 B D:\My Documents\Data\Web\camaga\new\Rudrapatnam_2002_songlist.htm --> www.ipnAtlanta.net /var/www/html/camaga Rudrapatnam_2002_songlist.htm
2002.12.09 20:33 B D:\My Documents\Data\Web\camaga\new\SanjayS_2002_songlist.htm --> www.ipnAtlanta.net /var/www/html/camaga SanjayS_2002_songlist.htm
2002.12.09 20:33 B D:\My Documents\Data\Web\camaga\new\SanthanmN_2002_songlist.htm --> www.ipnAtlanta.net /var/www/html/camaga SanthanmN_2002_songlist.htm
2002.12.09 20:33 B D:\My Documents\Data\Web\camaga\new\Seshagopalan_2002_songlist.htm --> www.ipnAtlanta.net /var/www/html/camaga Seshagopalan_2002_songlist.htm
2002.12.09 20:33 B D:\My Documents\Data\Web\camaga\new\shasahnk_2002_songlist.htm --> www.ipnAtlanta.net /var/www/html/camaga shasahnk_2002_songlist.htm
2002.12.09 20:33 B D:\My Documents\Data\Web\camaga\new\Shyama_sastri.bmp --> www.ipnAtlanta.net /var/www/html/camaga Shyama_sastri.bmp
2002.12.09 20:33 B D:\My Documents\Data\Web\camaga\new\TabContents.htm --> www.ipnAtlanta.net /var/www/html/camaga TabContents.htm
2002.12.09 20:33 B D:\My Documents\Data\Web\camaga\new\Thyagaraja.bmp --> www.ipnAtlanta.net /var/www/html/camaga Thyagaraja.bmp
2002.12.09 20:33 B D:\My Documents\Data\Web\camaga\new\TMKrishna_2002_songlist.htm --> www.ipnAtlanta.net /var/www/html/camaga TMKrishna_2002_songlist.htm
2002.12.09 20:33 B D:\My Documents\Data\Web\camaga\new\TVS_2002_songlist.htm --> www.ipnAtlanta.net /var/www/html/camaga TVS_2002_songlist.htm
2002.12.09 20:33 B D:\My Documents\Data\Web\camaga\new\upcoming.htm --> www.ipnAtlanta.net /var/www/html/camaga upcoming.htm
2002.12.09 21:09 B D:\My Documents\Data\Web\camaga\new\upcoming.htm --> www.ipnAtlanta.net /var/www/html/camaga upcoming.htm
2002.12.09 21:09 B D:\My Documents\Data\Web\camaga\new\image008.jpg --> www.ipnAtlanta.net /var/www/html/camaga image008.jpg
2002.12.09 21:09 B D:\My Documents\Data\Web\camaga\new\image007.png --> www.ipnAtlanta.net /var/www/html/camaga image007.png
2002.12.09 21:09 B D:\My Documents\Data\Web\camaga\new\image006.jpg --> www.ipnAtlanta.net /var/www/html/camaga image006.jpg
2002.12.09 21:09 B D:\My Documents\Data\Web\camaga\new\image005.png --> www.ipnAtlanta.net /var/www/html/camaga image005.png
2002.12.09 21:09 B D:\My Documents\Data\Web\camaga\new\image004.jpg --> www.ipnAtlanta.net /var/www/html/camaga image004.jpg
2002.12.09 21:09 B D:\My Documents\Data\Web\camaga\new\image003.png --> www.ipnAtlanta.net /var/www/html/camaga image003.png
2002.12.09 21:09 B D:\My Documents\Data\Web\camaga\new\image002.gif --> www.ipnAtlanta.net /var/www/html/camaga image002.gif
2002.12.09 21:09 B D:\My Documents\Data\Web\camaga\new\image001.gif --> www.ipnAtlanta.net /var/www/html/camaga image001.gif
2002.12.09 21:09 B D:\My Documents\Data\Web\camaga\new\Great_Composers_Day_Announcements_2003.htm --> www.ipnAtlanta.net /var/www/html/camaga Great_Composers_Day_Announcements_2003.htm
2002.12.09 21:09 B D:\My Documents\Data\Web\camaga\new\filelist.xml --> www.ipnAtlanta.net /var/www/html/camaga filelist.xml
2002.12.09 21:09 B D:\My Documents\Data\Web\camaga\new\TVS_2002_songlist.htm --> www.ipnAtlanta.net /var/www/html/camaga TVS_2002_songlist.htm
2002.12.09 21:09 B D:\My Documents\Data\Web\camaga\new\TMKrishna_2002_songlist.htm --> www.ipnAtlanta.net /var/www/html/camaga TMKrishna_2002_songlist.htm
2002.12.09 21:10 B D:\My Documents\Data\Web\camaga\new\Thyagaraja.bmp --> www.ipnAtlanta.net /var/www/html/camaga Thyagaraja.bmp
2002.12.09 21:10 B D:\My Documents\Data\Web\camaga\new\TabContents.htm --> www.ipnAtlanta.net /var/www/html/camaga TabContents.htm
2002.12.09 21:10 B D:\My Documents\Data\Web\camaga\new\Shyama_sastri.bmp --> www.ipnAtlanta.net /var/www/html/camaga Shyama_sastri.bmp
2002.12.09 21:10 B D:\My Documents\Data\Web\camaga\new\shasahnk_2002_songlist.htm --> www.ipnAtlanta.net /var/www/html/camaga shasahnk_2002_songlist.htm
2002.12.09 21:10 B D:\My Documents\Data\Web\camaga\new\Seshagopalan_2002_songlist.htm --> www.ipnAtlanta.net /var/www/html/camaga Seshagopalan_2002_songlist.htm
2002.12.09 21:10 B D:\My Documents\Data\Web\camaga\new\SanthanmN_2002_songlist.htm --> www.ipnAtlanta.net /var/www/html/camaga SanthanmN_2002_songlist.htm
2002.12.09 21:10 B D:\My Documents\Data\Web\camaga\new\SanjayS_2002_songlist.htm --> www.ipnAtlanta.net /var/www/html/camaga SanjayS_2002_songlist.htm
2002.12.09 21:10 B D:\My Documents\Data\Web\camaga\new\Rudrapatnam_2002_songlist.htm --> www.ipnAtlanta.net /var/www/html/camaga Rudrapatnam_2002_songlist.htm
2002.12.09 21:10 B D:\My Documents\Data\Web\camaga\new\reviewsandtapes.htm --> www.ipnAtlanta.net /var/www/html/camaga reviewsandtapes.htm
2002.12.09 21:10 B D:\My Documents\Data\Web\camaga\new\Purandaradasa.gif --> www.ipnAtlanta.net /var/www/html/camaga Purandaradasa.gif
2002.12.09 21:10 B D:\My Documents\Data\Web\camaga\new\Dishitar.bmp --> www.ipnAtlanta.net /var/www/html/camaga Dishitar.bmp
2002.12.09 21:15 B D:\My Documents\Data\Web\camaga\new\Great_Composers_Day_Announcements_2003.htm --> www.ipnAtlanta.net /var/www/html/camaga Great_Composers_Day_Announcements_2003.htm
2002.12.09 21:16 B D:\My Documents\Data\Web\camaga\new\Great_Composers_Day_Announcements_2003.htm --> www.ipnAtlanta.net /var/www/html/camaga Great_Composers_Day_Announcements_2003.htm
2002.12.09 21:16 B D:\My Documents\Data\Web\camaga\new\Great_Composers_Day_Announcements_2003.htm --> www.ipnAtlanta.net /var/www/html/camaga Great_Composers_Day_Announcements_2003.htm
2002.12.10 10:39 B D:\My Documents\Data\Web\camaga\new\shasahnk_2002_songlist.htm --> www.ipnAtlanta.net /var/www/html/camaga shasahnk_2002_songlist.htm
2002.12.10 10:39 B D:\My Documents\Data\Web\camaga\new\shashank_2002_songlist.htm --> www.ipnAtlanta.net /var/www/html/camaga shashank_2002_songlist.htm
2002.12.10 10:41 B D:\My Documents\Data\Web\camaga\new\membership_form.htm --> www.ipnAtlanta.net /var/www/html/camaga membership_form.htm
2002.12.10 10:41 B D:\My Documents\Data\Web\camaga\new\reviewsandtapes.htm --> www.ipnAtlanta.net /var/www/html/camaga reviewsandtapes.htm
2002.12.10 10:41 B D:\My Documents\Data\Web\camaga\new\upcoming.htm --> www.ipnAtlanta.net /var/www/html/camaga upcoming.htm
2002.12.10 10:41 B D:\My Documents\Data\Web\camaga\new\Vasundhara_2002_songlist.htm --> www.ipnAtlanta.net /var/www/html/camaga Vasundhara_2002_songlist.htm
2002.12.10 10:43 B D:\My Documents\Data\Web\camaga\new\membership_form.htm --> www.ipnAtlanta.net /var/www/html/camaga membership_form.htm
2002.12.10 10:43 B D:\My Documents\Data\Web\camaga\new\reviewsandtapes.htm --> www.ipnAtlanta.net /var/www/html/camaga reviewsandtapes.htm
2002.12.10 10:43 B D:\My Documents\Data\Web\camaga\new\upcoming.htm --> www.ipnAtlanta.net /var/www/html/camaga upcoming.htm
2002.12.10 10:43 B D:\My Documents\Data\Web\camaga\new\Vasundhara_2002_songlist.htm --> www.ipnAtlanta.net /var/www/html/camaga Vasundhara_2002_songlist.htm
2003.01.15 13:09 B D:\My Documents\Data\Web\camaga\new\Aruna Sayeeram.jpg --> www.ipnAtlanta.net /var/www/html/camaga Aruna Sayeeram.jpg
2003.01.15 13:09 B D:\My Documents\Data\Web\camaga\new\Concerts_2002.htm --> www.ipnAtlanta.net /var/www/html/camaga Concerts_2002.htm
2003.01.15 13:09 B D:\My Documents\Data\Web\camaga\new\Ganesh_Kumaresh.jpg --> www.ipnAtlanta.net /var/www/html/camaga Ganesh_Kumaresh.jpg
2003.01.15 13:09 B D:\My Documents\Data\Web\camaga\new\Great_Composers_Day_Announcements_2003.htm --> www.ipnAtlanta.net /var/www/html/camaga Great_Composers_Day_Announcements_2003.htm
2003.01.15 13:09 B D:\My Documents\Data\Web\camaga\new\membership_form.htm --> www.ipnAtlanta.net /var/www/html/camaga membership_form.htm
2003.01.15 13:09 B D:\My Documents\Data\Web\camaga\new\Ravikiran.jpg --> www.ipnAtlanta.net /var/www/html/camaga Ravikiran.jpg
2003.01.15 13:09 B D:\My Documents\Data\Web\camaga\new\Sudha_Raghunathan.jpg --> www.ipnAtlanta.net /var/www/html/camaga Sudha_Raghunathan.jpg
2003.01.15 13:09 B D:\My Documents\Data\Web\camaga\new\Upcoming.htm --> www.ipnAtlanta.net /var/www/html/camaga Upcoming.htm
2003.01.15 13:10 B D:\My Documents\Data\Web\camaga\new\Aruna Sayeeram.jpg --> www.ipnAtlanta.net /var/www/html/camaga Aruna Sayeeram.jpg
2003.01.15 13:10 B D:\My Documents\Data\Web\camaga\new\Concerts_2002.htm --> www.ipnAtlanta.net /var/www/html/camaga Concerts_2002.htm
2003.01.15 13:10 B D:\My Documents\Data\Web\camaga\new\Ganesh_Kumaresh.jpg --> www.ipnAtlanta.net /var/www/html/camaga Ganesh_Kumaresh.jpg
2003.01.15 13:10 B D:\My Documents\Data\Web\camaga\new\Great_Composers_Day_Announcements_2003.htm --> www.ipnAtlanta.net /var/www/html/camaga Great_Composers_Day_Announcements_2003.htm
2003.01.15 13:10 B D:\My Documents\Data\Web\camaga\new\membership_form.htm --> www.ipnAtlanta.net /var/www/html/camaga membership_form.htm
2003.01.15 13:10 B D:\My Documents\Data\Web\camaga\new\Ravikiran.jpg --> www.ipnAtlanta.net /var/www/html/camaga Ravikiran.jpg
2003.01.15 13:10 B D:\My Documents\Data\Web\camaga\new\Sudha_Raghunathan.jpg --> www.ipnAtlanta.net /var/www/html/camaga Sudha_Raghunathan.jpg
2003.01.15 13:10 B D:\My Documents\Data\Web\camaga\new\Upcoming.htm --> www.ipnAtlanta.net /var/www/html/camaga Upcoming.htm
2003.01.15 15:44 B D:\My Documents\Data\Web\camaga\new\membership.htm --> www.ipnAtlanta.net /var/www/html/camaga membership.htm
2003.01.15 15:44 B D:\My Documents\Data\Web\camaga\new\TabContents.htm --> www.ipnAtlanta.net /var/www/html/camaga TabContents.htm
2003.01.16 10:23 B D:\My Documents\Data\Web\camaga\new\camaga_logo.jpg --> www.ipnAtlanta.net /var/www/html/camaga camaga_logo.jpg
2003.01.16 10:23 B D:\My Documents\Data\Web\camaga\new\Ganesh_Kumaresh.jpg --> www.ipnAtlanta.net /var/www/html/camaga Ganesh_Kumaresh.jpg
2003.01.16 10:23 B D:\My Documents\Data\Web\camaga\new\membership_form.htm --> www.ipnAtlanta.net /var/www/html/camaga membership_form.htm
2003.01.16 10:23 B D:\My Documents\Data\Web\camaga\new\Ravikiran.jpg --> www.ipnAtlanta.net /var/www/html/camaga Ravikiran.jpg
2003.01.16 10:23 B D:\My Documents\Data\Web\camaga\new\Sudha_Raghunathan.jpg --> www.ipnAtlanta.net /var/www/html/camaga Sudha_Raghunathan.jpg
2003.01.16 10:23 B D:\My Documents\Data\Web\camaga\new\Upcoming.htm --> www.ipnAtlanta.net /var/www/html/camaga Upcoming.htm
2003.01.16 10:24 B D:\My Documents\Data\Web\camaga\new\Aruna_Sayeeram.jpg --> www.ipnAtlanta.net /var/www/html/camaga Aruna_Sayeeram.jpg
2003.01.16 10:24 B D:\My Documents\Data\Web\camaga\new\Aruna_Sayeeram.jpg --> www.ipnAtlanta.net /var/www/html/camaga Aruna_Sayeeram.jpg
2003.01.16 10:24 B D:\My Documents\Data\Web\camaga\new\camaga_logo.jpg --> www.ipnAtlanta.net /var/www/html/camaga camaga_logo.jpg
2003.01.16 10:24 B D:\My Documents\Data\Web\camaga\new\Ganesh_Kumaresh.jpg --> www.ipnAtlanta.net /var/www/html/camaga Ganesh_Kumaresh.jpg
2003.01.16 10:24 B D:\My Documents\Data\Web\camaga\new\membership_form.htm --> www.ipnAtlanta.net /var/www/html/camaga membership_form.htm
2003.01.16 10:24 B D:\My Documents\Data\Web\camaga\new\Ravikiran.jpg --> www.ipnAtlanta.net /var/www/html/camaga Ravikiran.jpg
2003.01.16 10:24 B D:\My Documents\Data\Web\camaga\new\Sudha_Raghunathan.jpg --> www.ipnAtlanta.net /var/www/html/camaga Sudha_Raghunathan.jpg
2003.01.16 10:24 B D:\My Documents\Data\Web\camaga\new\Upcoming.htm --> www.ipnAtlanta.net /var/www/html/camaga Upcoming.htm
2003.02.01 13:38 B D:\My Documents\Data\Web\camaga\new\Aruna_Sayeeram.jpg --> www.ipnAtlanta.net /var/www/html/camaga Aruna_Sayeeram.jpg
2003.02.01 13:38 B D:\My Documents\Data\Web\camaga\new\camaga_logo.jpg --> www.ipnAtlanta.net /var/www/html/camaga camaga_logo.jpg
2003.02.01 13:38 B D:\My Documents\Data\Web\camaga\new\Ganesh_Kumaresh.jpg --> www.ipnAtlanta.net /var/www/html/camaga Ganesh_Kumaresh.jpg
2003.02.01 13:38 B D:\My Documents\Data\Web\camaga\new\membership_form.htm --> www.ipnAtlanta.net /var/www/html/camaga membership_form.htm
2003.02.01 13:38 B D:\My Documents\Data\Web\camaga\new\Ravikiran.jpg --> www.ipnAtlanta.net /var/www/html/camaga Ravikiran.jpg
2003.02.01 13:38 B D:\My Documents\Data\Web\camaga\new\Sudha_Raghunathan.jpg --> www.ipnAtlanta.net /var/www/html/camaga Sudha_Raghunathan.jpg
2003.02.01 13:38 B D:\My Documents\Data\Web\camaga\new\Upcoming.htm --> www.ipnAtlanta.net /var/www/html/camaga Upcoming.htm
2003.03.28 19:11 B D:\My Documents\Data\Web\camaga\new\Aruna_Sayeeram.jpg --> www.ipnAtlanta.net /html/camaga/new Aruna_Sayeeram.jpg
2003.03.28 19:11 B D:\My Documents\Data\Web\camaga\new\camaga_logo.jpg --> www.ipnAtlanta.net /html/camaga/new camaga_logo.jpg
2003.03.28 19:12 B D:\My Documents\Data\Web\camaga\new\Ganesh_Kumaresh.jpg --> www.ipnAtlanta.net /html/camaga/new Ganesh_Kumaresh.jpg
2003.03.28 19:12 B D:\My Documents\Data\Web\camaga\new\membership_form.htm --> www.ipnAtlanta.net /html/camaga/new membership_form.htm
2003.03.28 19:12 B D:\My Documents\Data\Web\camaga\new\Ravikiran.jpg --> www.ipnAtlanta.net /html/camaga/new Ravikiran.jpg
2003.03.28 19:12 B D:\My Documents\Data\Web\camaga\new\Sudha_Raghunathan.jpg --> www.ipnAtlanta.net /html/camaga/new Sudha_Raghunathan.jpg
2003.03.28 19:12 B D:\My Documents\Data\Web\camaga\new\Upcoming.htm --> www.ipnAtlanta.net /html/camaga/new Upcoming.htm
2003.03.28 19:12 B D:\My Documents\Data\Web\camaga\new\WS_FTP.LOG --> www.ipnAtlanta.net /html/camaga/new WS_FTP.LOG
2003.03.28 20:22 B D:\My Documents\Data\Web\camaga\new\Aruna_Sayeeram.jpg --> www.ipnAtlanta.net /html/camaga Aruna_Sayeeram.jpg
2003.03.28 20:22 B D:\My Documents\Data\Web\camaga\new\camaga_logo.jpg --> www.ipnAtlanta.net /html/camaga camaga_logo.jpg
2003.03.28 20:22 B D:\My Documents\Data\Web\camaga\new\Ganesh_Kumaresh.jpg --> www.ipnAtlanta.net /html/camaga Ganesh_Kumaresh.jpg
2003.03.28 20:22 B D:\My Documents\Data\Web\camaga\new\membership_form.htm --> www.ipnAtlanta.net /html/camaga membership_form.htm
2003.03.28 20:22 B D:\My Documents\Data\Web\camaga\new\Ravikiran.jpg --> www.ipnAtlanta.net /html/camaga Ravikiran.jpg
2003.03.28 20:22 B D:\My Documents\Data\Web\camaga\new\Sudha_Raghunathan.jpg --> www.ipnAtlanta.net /html/camaga Sudha_Raghunathan.jpg
2003.03.28 20:22 B D:\My Documents\Data\Web\camaga\new\Upcoming.htm --> www.ipnAtlanta.net /html/camaga Upcoming.htm
2003.03.28 20:49 B D:\My Documents\Data\Web\camaga\new\Aruna_Sayeeram.jpg --> www.ipnAtlanta.net /html/camaga Aruna_Sayeeram.jpg
2003.03.28 20:49 B D:\My Documents\Data\Web\camaga\new\camaga_logo.jpg --> www.ipnAtlanta.net /html/camaga camaga_logo.jpg
2003.03.28 20:49 B D:\My Documents\Data\Web\camaga\new\Ganesh_Kumaresh.jpg --> www.ipnAtlanta.net /html/camaga Ganesh_Kumaresh.jpg
2003.03.28 20:49 B D:\My Documents\Data\Web\camaga\new\membership_form.htm --> www.ipnAtlanta.net /html/camaga membership_form.htm
2003.03.28 20:49 B D:\My Documents\Data\Web\camaga\new\Ravikiran.jpg --> www.ipnAtlanta.net /html/camaga Ravikiran.jpg
2003.03.28 20:49 B D:\My Documents\Data\Web\camaga\new\Sudha_Raghunathan.jpg --> www.ipnAtlanta.net /html/camaga Sudha_Raghunathan.jpg
2003.03.28 20:49 B D:\My Documents\Data\Web\camaga\new\Upcoming.htm --> www.ipnAtlanta.net /html/camaga Upcoming.htm
2004.10.17 14:13 B C:\Documents and Settings\narsi\My Documents\Data\Web\camaga\new\Aruna_Sayeeram.jpg --> 63.241.136.206  /camaga/new Aruna_Sayeeram.jpg
2004.10.17 14:13 B C:\Documents and Settings\narsi\My Documents\Data\Web\camaga\new\camaga_logo.jpg --> 63.241.136.206  /camaga/new camaga_logo.jpg
2004.10.17 14:13 B C:\Documents and Settings\narsi\My Documents\Data\Web\camaga\new\Ganesh_Kumaresh.jpg --> 63.241.136.206  /camaga/new Ganesh_Kumaresh.jpg
2004.10.17 14:13 B C:\Documents and Settings\narsi\My Documents\Data\Web\camaga\new\membership_form.htm --> 63.241.136.206  /camaga/new membership_form.htm
2004.10.17 14:13 B C:\Documents and Settings\narsi\My Documents\Data\Web\camaga\new\Ravikiran.jpg --> 63.241.136.206  /camaga/new Ravikiran.jpg
2004.10.17 14:13 B C:\Documents and Settings\narsi\My Documents\Data\Web\camaga\new\Sudha_Raghunathan.jpg --> 63.241.136.206  /camaga/new Sudha_Raghunathan.jpg
2004.10.17 14:13 B C:\Documents and Settings\narsi\My Documents\Data\Web\camaga\new\Upcoming.htm --> 63.241.136.206  /camaga/new Upcoming.htm
